Using pre-set license
Built from '2020.3/staging' branch; Version is '2020.3.43f1 (75bff06b76bf) revision 7716848'; Using compiler version '192528614'; Build Type 'Release'
OS: 'Windows 10  (10.0.19045) 64bit Professional' Language: 'pt' Physical Memory: 12199 MB
BatchMode: 1, IsHumanControllingUs: 0, StartBugReporterOnCrash: 0, Is64bit: 1, IsPro: 0

COMMAND LINE ARGUMENTS:
C:\Program Files\Unity\Hub\Editor\2020.3.43f1\Editor\Unity.exe
-adb2
-batchMode
-noUpm
-name
AssetImportWorker0
-projectPath
H:/Projetos Unity/SourceCodes de outros lugares/Siedler Telas Dinamicas
-logFile
Logs/AssetImportWorker0.log
-srvPort
58768
Successfully changed project path to: H:/Projetos Unity/SourceCodes de outros lugares/Siedler Telas Dinamicas
H:/Projetos Unity/SourceCodes de outros lugares/Siedler Telas Dinamicas
Using Asset Import Pipeline V2.
Refreshing native plugins compatible for Editor in 44.29 ms, found 3 plugins.
Preloading 0 native plugins for Editor in 0.00 ms.
Initialize engine version: 2020.3.43f1 (75bff06b76bf)
[Subsystems] Discovering subsystems at path C:/Program Files/Unity/Hub/Editor/2020.3.43f1/Editor/Data/Resources/UnitySubsystems
[Subsystems] Discovering subsystems at path H:/Projetos Unity/SourceCodes de outros lugares/Siedler Telas Dinamicas/Assets
GfxDevice: creating device client; threaded=0
Direct3D:
    Version:  Direct3D 11.0 [level 11.1]
    Renderer: NVIDIA GeForce GTX 1050 Ti (ID=0x1c82)
    Vendor:   
    VRAM:     4017 MB
    Driver:   31.0.15.2802
Initialize mono
Mono path[0] = 'C:/Program Files/Unity/Hub/Editor/2020.3.43f1/Editor/Data/Managed'
Mono path[1] = 'C:/Program Files/Unity/Hub/Editor/2020.3.43f1/Editor/Data/MonoBleedingEdge/lib/mono/unityjit'
Mono config path = 'C:/Program Files/Unity/Hub/Editor/2020.3.43f1/Editor/Data/MonoBleedingEdge/etc'
Using monoOptions --debugger-agent=transport=dt_socket,embedding=1,server=y,suspend=n,address=127.0.0.1:56024
Begin MonoManager ReloadAssembly
Registering precompiled unity dll's ...
Register platform support module: C:/Program Files/Unity/Hub/Editor/2020.3.43f1/Editor/Data/PlaybackEngines/WebGLSupport/UnityEditor.WebGL.Extensions.dll
Register platform support module: C:/Program Files/Unity/Hub/Editor/2020.3.43f1/Editor/Data/PlaybackEngines/WindowsStandaloneSupport/UnityEditor.WindowsStandalone.Extensions.dll
Registered in 0.001422 seconds.
Native extension for WindowsStandalone target not found
Native extension for WebGL target not found
Refreshing native plugins compatible for Editor in 42.65 ms, found 3 plugins.
Preloading 0 native plugins for Editor in 0.00 ms.
Mono: successfully reloaded assembly
- Completed reload, in  0.510 seconds
Domain Reload Profiling:
	ReloadAssembly (510ms)
		BeginReloadAssembly (56ms)
			ExecutionOrderSort (0ms)
			DisableScriptedObjects (0ms)
			BackupInstance (0ms)
			ReleaseScriptingObjects (0ms)
			CreateAndSetChildDomain (1ms)
		EndReloadAssembly (393ms)
			LoadAssemblies (56ms)
			RebuildTransferFunctionScriptingTraits (0ms)
			SetupTypeCache (128ms)
			ReleaseScriptCaches (0ms)
			RebuildScriptCaches (26ms)
			SetupLoadedEditorAssemblies (149ms)
				LogAssemblyErrors (0ms)
				InitializePlatformSupportModulesInManaged (5ms)
				SetLoadedEditorAssemblies (0ms)
				RefreshPlugins (43ms)
				BeforeProcessingInitializeOnLoad (8ms)
				ProcessInitializeOnLoadAttributes (69ms)
				ProcessInitializeOnLoadMethodAttributes (25ms)
				AfterProcessingInitializeOnLoad (0ms)
				EditorAssembliesLoaded (0ms)
			ExecutionOrderSort2 (0ms)
			AwakeInstancesAfterBackupRestoration (0ms)
Platform modules already initialized, skipping
Registering precompiled user dll's ...
Registered in 0.002897 seconds.
Begin MonoManager ReloadAssembly
Error: Could not load signature of BuildPostProcessor:AddFrameworks due to: Could not load file or assembly 'UnityEditor.iOS.Extensions.Xcode, Version=1.0.0.0, Culture=neutral, PublicKeyToken=null' or one of its dependencies. assembly:UnityEditor.iOS.Extensions.Xcode, Version=1.0.0.0, Culture=neutral, PublicKeyToken=null type:<unknown type> member:(null) signature:<none>
Unloading broken assembly Library/ScriptAssemblies/Assembly-CSharp-Editor.dll, this assembly can cause crashes in the runtime
Native extension for WindowsStandalone target not found
Native extension for WebGL target not found
Refreshing native plugins compatible for Editor in 55.04 ms, found 3 plugins.
Preloading 0 native plugins for Editor in 0.00 ms.
Mono: successfully reloaded assembly
- Completed reload, in  1.152 seconds
Domain Reload Profiling:
	ReloadAssembly (1153ms)
		BeginReloadAssembly (134ms)
			ExecutionOrderSort (0ms)
			DisableScriptedObjects (5ms)
			BackupInstance (0ms)
			ReleaseScriptingObjects (0ms)
			CreateAndSetChildDomain (20ms)
		EndReloadAssembly (967ms)
			LoadAssemblies (99ms)
			RebuildTransferFunctionScriptingTraits (0ms)
			SetupTypeCache (283ms)
			ReleaseScriptCaches (1ms)
			RebuildScriptCaches (46ms)
			SetupLoadedEditorAssemblies (419ms)
				LogAssemblyErrors (0ms)
				InitializePlatformSupportModulesInManaged (4ms)
				SetLoadedEditorAssemblies (0ms)
				RefreshPlugins (55ms)
				BeforeProcessingInitializeOnLoad (85ms)
				ProcessInitializeOnLoadAttributes (244ms)
				ProcessInitializeOnLoadMethodAttributes (26ms)
				AfterProcessingInitializeOnLoad (5ms)
				EditorAssembliesLoaded (0ms)
			ExecutionOrderSort2 (0ms)
			AwakeInstancesAfterBackupRestoration (3ms)
Platform modules already initialized, skipping
========================================================================
Worker process is ready to serve import requests
Launched and connected shader compiler UnityShaderCompiler.exe after 0.16 seconds
Refreshing native plugins compatible for Editor in 0.65 ms, found 3 plugins.
Preloading 0 native plugins for Editor in 0.00 ms.
Unloading 2233 Unused Serialized files (Serialized files now loaded: 0)
System memory in use before: 99.3 MB.
System memory in use after: 99.4 MB.

Unloading 31 unused Assets to reduce memory usage. Loaded Objects now: 2666.
Total: 5.786200 ms (FindLiveObjects: 0.547500 ms CreateObjectMapping: 0.189000 ms MarkObjects: 4.918500 ms  DeleteObjects: 0.129600 ms)

AssetImportParameters requested are different than current active one (requested -> active):
  custom:framework-win-MediaFoundation: 216162199b28c13a410421893ffa2e32 -> 
  custom:video-decoder-ogg-theora: a1e56fd34408186e4bbccfd4996cb3dc -> 
  custom:container-muxer-webm: aa71ff27fc2769a1b78a27578f13a17b -> 
  custom:container-demuxer-webm: 4f35f7cbe854078d1ac9338744f61a02 -> 
  custom:container-demuxer-ogg: 62fdf1f143b41e24485cea50d1cbac27 -> 
  custom:video-encoder-webm-vp8: eb34c28f22e8b96e1ab97ce403110664 -> 
  custom:video-decoder-webm-vp8: 9c59270c3fd7afecdb556c50c9e8de78 -> 
  custom:audio-decoder-ogg-vorbis: bf7c407c2cedff20999df2af8eb42d56 -> 
  custom:audio-encoder-webm-vorbis: bf7c407c2cedff20999df2af8eb42d56 -> 
========================================================================
Received Import Request.
  path: Assets/Scripts/Inicial.cs
  artifactKey: Guid(72a4a31b47ec4e24cb3b1a842713c7f3) Importer(815301076,1909f56bfc062723c751e8b465ee728b)
Start importing Assets/Scripts/Inicial.cs using Guid(72a4a31b47ec4e24cb3b1a842713c7f3) Importer(815301076,1909f56bfc062723c751e8b465ee728b)  -> (artifact id: '047f6b9362ddb2d77382fd027032e7e1') in 0.062902 seconds 
========================================================================
Received Import Request.
  Time since last request: 23636.718187 seconds.
  path: Assets/Resources/Sprites/Loja Icons
  artifactKey: Guid(a927551a618c7754bb8ff36d87b0cd60) Importer(815301076,1909f56bfc062723c751e8b465ee728b)
Start importing Assets/Resources/Sprites/Loja Icons using Guid(a927551a618c7754bb8ff36d87b0cd60) Importer(815301076,1909f56bfc062723c751e8b465ee728b)  -> (artifact id: '78f191e5bbeca2d0f86ae904c5c9bc9f') in 0.020510 seconds 
========================================================================
Received Import Request.
  Time since last request: 0.103056 seconds.
  path: Assets/Resources/Sprites/Loja Icons/Icon41.png
  artifactKey: Guid(31ad9b9aaf4f4964a841745d6888f9d4) Importer(815301076,1909f56bfc062723c751e8b465ee728b)
Start importing Assets/Resources/Sprites/Loja Icons/Icon41.png using Guid(31ad9b9aaf4f4964a841745d6888f9d4) Importer(815301076,1909f56bfc062723c751e8b465ee728b)  -> (artifact id: '33e2b8b268430813e25f9af41fdf196a') in 1.173918 seconds 
========================================================================
Received Import Request.
  Time since last request: 0.898170 seconds.
  path: Assets/Resources/Sprites/Loja Icons/Background
  artifactKey: Guid(ca98cb98e981f6e488e1df71ca1f49f3) Importer(815301076,1909f56bfc062723c751e8b465ee728b)
Start importing Assets/Resources/Sprites/Loja Icons/Background using Guid(ca98cb98e981f6e488e1df71ca1f49f3) Importer(815301076,1909f56bfc062723c751e8b465ee728b)  -> (artifact id: '907c6c4de4d01e4bc3026d812ab32f40') in 0.006078 seconds 
========================================================================
Received Import Request.
  Time since last request: 0.094516 seconds.
  path: Assets/Resources/Sprites/Loja Icons/Background/Icon1.png
  artifactKey: Guid(ded556900839bde479119d22aa225f4a) Importer(815301076,1909f56bfc062723c751e8b465ee728b)
Start importing Assets/Resources/Sprites/Loja Icons/Background/Icon1.png using Guid(ded556900839bde479119d22aa225f4a) Importer(815301076,1909f56bfc062723c751e8b465ee728b)  -> (artifact id: '4b35e889a2d251b4cbdc3113a604dd90') in 0.048738 seconds 
========================================================================
Received Import Request.
  Time since last request: 0.000201 seconds.
  path: Assets/Resources/Sprites/Loja Icons/Background/Icon25.png
  artifactKey: Guid(02e4c6ca3763e434d86a5c29b8412836) Importer(815301076,1909f56bfc062723c751e8b465ee728b)
Start importing Assets/Resources/Sprites/Loja Icons/Background/Icon25.png using Guid(02e4c6ca3763e434d86a5c29b8412836) Importer(815301076,1909f56bfc062723c751e8b465ee728b)  -> (artifact id: '47208b0edbd021cc0b18dcc958df643e') in 0.025884 seconds 
========================================================================
Received Import Request.
  Time since last request: 0.000152 seconds.
  path: Assets/Resources/Sprites/Loja Icons/Background/Icon35.png
  artifactKey: Guid(e449b305da483c34895741cf20b426a5) Importer(815301076,1909f56bfc062723c751e8b465ee728b)
Start importing Assets/Resources/Sprites/Loja Icons/Background/Icon35.png using Guid(e449b305da483c34895741cf20b426a5) Importer(815301076,1909f56bfc062723c751e8b465ee728b)  -> (artifact id: '82fe60f665d5076d56589786f66320ef') in 0.049931 seconds 
========================================================================
Received Import Request.
  Time since last request: 0.000115 seconds.
  path: Assets/Resources/Sprites/Loja Icons/Background/Icon5.png
  artifactKey: Guid(87dbfb8aae6234a48b2b0b74a07a62ef) Importer(815301076,1909f56bfc062723c751e8b465ee728b)
Start importing Assets/Resources/Sprites/Loja Icons/Background/Icon5.png using Guid(87dbfb8aae6234a48b2b0b74a07a62ef) Importer(815301076,1909f56bfc062723c751e8b465ee728b)  -> (artifact id: '3b7d69eb1f61599b5562cf6a672b8c4a') in 0.027134 seconds 
========================================================================
Received Import Request.
  Time since last request: 0.000196 seconds.
  path: Assets/Resources/Sprites/Loja Icons/Background/Icon3.png
  artifactKey: Guid(2c3f624a1eeccde48b76f3f6bd7a4daa) Importer(815301076,1909f56bfc062723c751e8b465ee728b)
Start importing Assets/Resources/Sprites/Loja Icons/Background/Icon3.png using Guid(2c3f624a1eeccde48b76f3f6bd7a4daa) Importer(815301076,1909f56bfc062723c751e8b465ee728b)  -> (artifact id: '0c5c15e39e9e11feb8fdda0efe9d944f') in 0.022908 seconds 
========================================================================
Received Import Request.
  Time since last request: 0.000165 seconds.
  path: Assets/Resources/Sprites/Loja Icons/Background/Icon30.png
  artifactKey: Guid(68a19b8f69ede0a41bca2d6b10d91a00) Importer(815301076,1909f56bfc062723c751e8b465ee728b)
Start importing Assets/Resources/Sprites/Loja Icons/Background/Icon30.png using Guid(68a19b8f69ede0a41bca2d6b10d91a00) Importer(815301076,1909f56bfc062723c751e8b465ee728b)  -> (artifact id: '97336e6256205f40df26f2548d183725') in 0.021050 seconds 
========================================================================
Received Import Request.
  Time since last request: 0.000149 seconds.
  path: Assets/Resources/Sprites/Loja Icons/Background/Icon10.png
  artifactKey: Guid(d7883b4d0191e8c41a196274abb777cd) Importer(815301076,1909f56bfc062723c751e8b465ee728b)
Start importing Assets/Resources/Sprites/Loja Icons/Background/Icon10.png using Guid(d7883b4d0191e8c41a196274abb777cd) Importer(815301076,1909f56bfc062723c751e8b465ee728b)  -> (artifact id: 'f2db703df90ac9150b4804a98d2324e2') in 0.021632 seconds 
========================================================================
Received Import Request.
  Time since last request: 0.000137 seconds.
  path: Assets/Resources/Sprites/Loja Icons/Background/Icon29.png
  artifactKey: Guid(a1108b41ecc2f1d48983247e2e1ca11d) Importer(815301076,1909f56bfc062723c751e8b465ee728b)
Start importing Assets/Resources/Sprites/Loja Icons/Background/Icon29.png using Guid(a1108b41ecc2f1d48983247e2e1ca11d) Importer(815301076,1909f56bfc062723c751e8b465ee728b)  -> (artifact id: '2cc0713f104ae004cbdbc78064725472') in 0.030327 seconds 
========================================================================
Received Import Request.
  Time since last request: 0.000200 seconds.
  path: Assets/Resources/Sprites/Loja Icons/Background/Icon19.png
  artifactKey: Guid(dbc71c56e9946ec4db1b30e0d66d78ff) Importer(815301076,1909f56bfc062723c751e8b465ee728b)
Start importing Assets/Resources/Sprites/Loja Icons/Background/Icon19.png using Guid(dbc71c56e9946ec4db1b30e0d66d78ff) Importer(815301076,1909f56bfc062723c751e8b465ee728b)  -> (artifact id: 'a17a4015414647869e48f47ccba9f6f0') in 0.039824 seconds 
========================================================================
Received Import Request.
  Time since last request: 0.000163 seconds.
  path: Assets/Resources/Sprites/Loja Icons/Background/Icon2.png
  artifactKey: Guid(8e76c187cbfd4f145aba28e3d2f7fe09) Importer(815301076,1909f56bfc062723c751e8b465ee728b)
Start importing Assets/Resources/Sprites/Loja Icons/Background/Icon2.png using Guid(8e76c187cbfd4f145aba28e3d2f7fe09) Importer(815301076,1909f56bfc062723c751e8b465ee728b)  -> (artifact id: '05bd9790cc12a954988f95ef8fac5d14') in 0.032774 seconds 
========================================================================
Received Import Request.
  Time since last request: 0.000496 seconds.
  path: Assets/Resources/Sprites/Loja Icons/Background/Icon14.png
  artifactKey: Guid(08672c8f2bf93a043a2c3f10a825cf23) Importer(815301076,1909f56bfc062723c751e8b465ee728b)
Start importing Assets/Resources/Sprites/Loja Icons/Background/Icon14.png using Guid(08672c8f2bf93a043a2c3f10a825cf23) Importer(815301076,1909f56bfc062723c751e8b465ee728b)  -> (artifact id: '89fd23349eee615e1e02ba01d376da8c') in 0.038874 seconds 
========================================================================
Received Import Request.
  Time since last request: 0.000183 seconds.
  path: Assets/Resources/Sprites/Loja Icons/Background/Icon13.png
  artifactKey: Guid(595a38c7b4d8d044d8281fe3dfe411dc) Importer(815301076,1909f56bfc062723c751e8b465ee728b)
Start importing Assets/Resources/Sprites/Loja Icons/Background/Icon13.png using Guid(595a38c7b4d8d044d8281fe3dfe411dc) Importer(815301076,1909f56bfc062723c751e8b465ee728b)  -> (artifact id: '51f6cd00267203216463d23792390385') in 0.020926 seconds 
========================================================================
Received Import Request.
  Time since last request: 0.000238 seconds.
  path: Assets/Resources/Sprites/Loja Icons/Background/Icon8.png
  artifactKey: Guid(47805c423ac2e3644964074ea7a7c24f) Importer(815301076,1909f56bfc062723c751e8b465ee728b)
Start importing Assets/Resources/Sprites/Loja Icons/Background/Icon8.png using Guid(47805c423ac2e3644964074ea7a7c24f) Importer(815301076,1909f56bfc062723c751e8b465ee728b)  -> (artifact id: '122d2f9b37cbf0b43cda0ee4df4bbd1d') in 0.022813 seconds 
========================================================================
Received Import Request.
  Time since last request: 0.000172 seconds.
  path: Assets/Resources/Sprites/Loja Icons/Background/Icon18.png
  artifactKey: Guid(94fe63b5ac96fde4783f18d113bcd5b7) Importer(815301076,1909f56bfc062723c751e8b465ee728b)
Start importing Assets/Resources/Sprites/Loja Icons/Background/Icon18.png using Guid(94fe63b5ac96fde4783f18d113bcd5b7) Importer(815301076,1909f56bfc062723c751e8b465ee728b)  -> (artifact id: 'e75671bc2e9ca3ae65ceec13fb08df0d') in 0.024164 seconds 
========================================================================
Received Import Request.
  Time since last request: 0.000164 seconds.
  path: Assets/Resources/Sprites/Loja Icons/Background/Icon23.png
  artifactKey: Guid(eed98fc8760725b478010bdab940ff30) Importer(815301076,1909f56bfc062723c751e8b465ee728b)
Start importing Assets/Resources/Sprites/Loja Icons/Background/Icon23.png using Guid(eed98fc8760725b478010bdab940ff30) Importer(815301076,1909f56bfc062723c751e8b465ee728b)  -> (artifact id: 'bc404bad3e6975423085ec2329b3b0e0') in 0.029569 seconds 
========================================================================
Received Import Request.
  Time since last request: 0.000263 seconds.
  path: Assets/Resources/Sprites/Loja Icons/Background/Icon31.png
  artifactKey: Guid(6711cb16037551744b521d24079715a0) Importer(815301076,1909f56bfc062723c751e8b465ee728b)
Start importing Assets/Resources/Sprites/Loja Icons/Background/Icon31.png using Guid(6711cb16037551744b521d24079715a0) Importer(815301076,1909f56bfc062723c751e8b465ee728b)  -> (artifact id: '23bf22295ef888c6a4c3e4fd4104750c') in 0.035407 seconds 
========================================================================
Received Import Request.
  Time since last request: 0.000162 seconds.
  path: Assets/Resources/Sprites/Loja Icons/Background/Icon34.png
  artifactKey: Guid(74891bc288ddce3409c95d4095fee926) Importer(815301076,1909f56bfc062723c751e8b465ee728b)
Start importing Assets/Resources/Sprites/Loja Icons/Background/Icon34.png using Guid(74891bc288ddce3409c95d4095fee926) Importer(815301076,1909f56bfc062723c751e8b465ee728b)  -> (artifact id: '17fe493384807f8834d25ae6b3f9d691') in 0.030568 seconds 
========================================================================
Received Import Request.
  Time since last request: 0.000165 seconds.
  path: Assets/Resources/Sprites/Loja Icons/Background/Icon33.png
  artifactKey: Guid(bb68f15b05c739248950a6282cfd5da9) Importer(815301076,1909f56bfc062723c751e8b465ee728b)
Start importing Assets/Resources/Sprites/Loja Icons/Background/Icon33.png using Guid(bb68f15b05c739248950a6282cfd5da9) Importer(815301076,1909f56bfc062723c751e8b465ee728b)  -> (artifact id: 'bf3574f3109a1ee9be0cf5a42da321f5') in 0.053285 seconds 
========================================================================
Received Import Request.
  Time since last request: 0.000180 seconds.
  path: Assets/Resources/Sprites/Loja Icons/Background/Icon26.png
  artifactKey: Guid(2f19fc57b8e56714e997aba756756610) Importer(815301076,1909f56bfc062723c751e8b465ee728b)
Start importing Assets/Resources/Sprites/Loja Icons/Background/Icon26.png using Guid(2f19fc57b8e56714e997aba756756610) Importer(815301076,1909f56bfc062723c751e8b465ee728b)  -> (artifact id: '88e60d537645b09941783430a79a91ed') in 0.029152 seconds 
========================================================================
Received Import Request.
  Time since last request: 0.000230 seconds.
  path: Assets/Resources/Sprites/Loja Icons/Background/Icon6.png
  artifactKey: Guid(3c1d8951f0162584092a8186d8db81c7) Importer(815301076,1909f56bfc062723c751e8b465ee728b)
Start importing Assets/Resources/Sprites/Loja Icons/Background/Icon6.png using Guid(3c1d8951f0162584092a8186d8db81c7) Importer(815301076,1909f56bfc062723c751e8b465ee728b)  -> (artifact id: 'a4c03a052c8ee7db8b67f2e2ca6cab43') in 0.028659 seconds 
========================================================================
Received Import Request.
  Time since last request: 0.000182 seconds.
  path: Assets/Resources/Sprites/Loja Icons/Background/Icon28.png
  artifactKey: Guid(d4b4ab645e7fdfe408ab04a6ef554f7e) Importer(815301076,1909f56bfc062723c751e8b465ee728b)
Start importing Assets/Resources/Sprites/Loja Icons/Background/Icon28.png using Guid(d4b4ab645e7fdfe408ab04a6ef554f7e) Importer(815301076,1909f56bfc062723c751e8b465ee728b)  -> (artifact id: 'be67805a6113745ef600846f3d8154ec') in 0.009976 seconds 
========================================================================
Received Import Request.
  Time since last request: 0.000170 seconds.
  path: Assets/Resources/Sprites/Loja Icons/Background/Icon36.png
  artifactKey: Guid(e53f35283055d5641ab748aac758d080) Importer(815301076,1909f56bfc062723c751e8b465ee728b)
Start importing Assets/Resources/Sprites/Loja Icons/Background/Icon36.png using Guid(e53f35283055d5641ab748aac758d080) Importer(815301076,1909f56bfc062723c751e8b465ee728b)  -> (artifact id: '160b0fc7c751b61190bdd54788387283') in 0.025970 seconds 
========================================================================
Received Import Request.
  Time since last request: 0.000170 seconds.
  path: Assets/Resources/Sprites/Loja Icons/Background/Icon7.png
  artifactKey: Guid(bbec484fae746534b973c356ae5c0978) Importer(815301076,1909f56bfc062723c751e8b465ee728b)
Start importing Assets/Resources/Sprites/Loja Icons/Background/Icon7.png using Guid(bbec484fae746534b973c356ae5c0978) Importer(815301076,1909f56bfc062723c751e8b465ee728b)  -> (artifact id: '6393678211c99a611a993baff8e588a8') in 0.023246 seconds 
========================================================================
Received Import Request.
  Time since last request: 0.000154 seconds.
  path: Assets/Resources/Sprites/Loja Icons/Background/Icon37.png
  artifactKey: Guid(67d3c2d1959dfa649a2f9eba2418f392) Importer(815301076,1909f56bfc062723c751e8b465ee728b)
Start importing Assets/Resources/Sprites/Loja Icons/Background/Icon37.png using Guid(67d3c2d1959dfa649a2f9eba2418f392) Importer(815301076,1909f56bfc062723c751e8b465ee728b)  -> (artifact id: 'e0a6455b435cc390800edacf5287dccb') in 0.027343 seconds 
========================================================================
Received Import Request.
  Time since last request: 0.000204 seconds.
  path: Assets/Resources/Sprites/Loja Icons/Background/Icon20.png
  artifactKey: Guid(efec45d708635684abb37650eee8f3c7) Importer(815301076,1909f56bfc062723c751e8b465ee728b)
Start importing Assets/Resources/Sprites/Loja Icons/Background/Icon20.png using Guid(efec45d708635684abb37650eee8f3c7) Importer(815301076,1909f56bfc062723c751e8b465ee728b)  -> (artifact id: '24bb5c2c57fb7722949b1e9ab1286d36') in 0.017235 seconds 
========================================================================
Received Import Request.
  Time since last request: 0.000143 seconds.
  path: Assets/Resources/Sprites/Loja Icons/Background/Icon15.png
  artifactKey: Guid(ff93d76f3fd070e4e9906c65a0e676ca) Importer(815301076,1909f56bfc062723c751e8b465ee728b)
Start importing Assets/Resources/Sprites/Loja Icons/Background/Icon15.png using Guid(ff93d76f3fd070e4e9906c65a0e676ca) Importer(815301076,1909f56bfc062723c751e8b465ee728b)  -> (artifact id: '7ee9196ad49870d6b5b6893084002377') in 0.061911 seconds 
========================================================================
Received Import Request.
  Time since last request: 0.000144 seconds.
  path: Assets/Resources/Sprites/Loja Icons/Background/Icon9.png
  artifactKey: Guid(3151d636c7811174f97af778f43ffde2) Importer(815301076,1909f56bfc062723c751e8b465ee728b)
Start importing Assets/Resources/Sprites/Loja Icons/Background/Icon9.png using Guid(3151d636c7811174f97af778f43ffde2) Importer(815301076,1909f56bfc062723c751e8b465ee728b)  -> (artifact id: '1c1a26a7687909ef87c9704c074b2af1') in 0.016624 seconds 
========================================================================
Received Import Request.
  Time since last request: 0.000146 seconds.
  path: Assets/Resources/Sprites/Loja Icons/Background/Icon17.png
  artifactKey: Guid(e210ba1ff1c1772489354cc486e9f26c) Importer(815301076,1909f56bfc062723c751e8b465ee728b)
Start importing Assets/Resources/Sprites/Loja Icons/Background/Icon17.png using Guid(e210ba1ff1c1772489354cc486e9f26c) Importer(815301076,1909f56bfc062723c751e8b465ee728b)  -> (artifact id: 'c2c673cd3f9e4f57f9e2c32832a9a6c8') in 0.022555 seconds 
========================================================================
Received Import Request.
  Time since last request: 0.000304 seconds.
  path: Assets/Resources/Sprites/Loja Icons/Background/Icon24.png
  artifactKey: Guid(eebf83e959b03db4a999c5c667380fd6) Importer(815301076,1909f56bfc062723c751e8b465ee728b)
Start importing Assets/Resources/Sprites/Loja Icons/Background/Icon24.png using Guid(eebf83e959b03db4a999c5c667380fd6) Importer(815301076,1909f56bfc062723c751e8b465ee728b)  -> (artifact id: '841bebe4e1a216c4c87a073727aacb79') in 0.025448 seconds 
========================================================================
Received Import Request.
  Time since last request: 0.000153 seconds.
  path: Assets/Resources/Sprites/Loja Icons/Background/Icon22.png
  artifactKey: Guid(5f79cd9e967e73542adfeafb0a19311e) Importer(815301076,1909f56bfc062723c751e8b465ee728b)
Start importing Assets/Resources/Sprites/Loja Icons/Background/Icon22.png using Guid(5f79cd9e967e73542adfeafb0a19311e) Importer(815301076,1909f56bfc062723c751e8b465ee728b)  -> (artifact id: '5bf1178b552d5e7caa7d8d1c394d8399') in 0.019422 seconds 
========================================================================
Received Import Request.
  Time since last request: 0.000162 seconds.
  path: Assets/Resources/Sprites/Loja Icons/Background/Icon12.png
  artifactKey: Guid(44d630578c59d1f4b9ecb0a69cb4b7ee) Importer(815301076,1909f56bfc062723c751e8b465ee728b)
Start importing Assets/Resources/Sprites/Loja Icons/Background/Icon12.png using Guid(44d630578c59d1f4b9ecb0a69cb4b7ee) Importer(815301076,1909f56bfc062723c751e8b465ee728b)  -> (artifact id: 'd720b034976c17f3aa8dafc617b19a46') in 0.042026 seconds 
========================================================================
Received Import Request.
  Time since last request: 0.000182 seconds.
  path: Assets/Resources/Sprites/Loja Icons/Background/Icon21.png
  artifactKey: Guid(3c3e08ff324c2554681a38acd40a111e) Importer(815301076,1909f56bfc062723c751e8b465ee728b)
Start importing Assets/Resources/Sprites/Loja Icons/Background/Icon21.png using Guid(3c3e08ff324c2554681a38acd40a111e) Importer(815301076,1909f56bfc062723c751e8b465ee728b)  -> (artifact id: 'b60318bb7c2d0fafa4296bb574dc1b8c') in 0.015166 seconds 
========================================================================
Received Import Request.
  Time since last request: 0.000173 seconds.
  path: Assets/Resources/Sprites/Loja Icons/Background/Icon11.png
  artifactKey: Guid(f616deecdce4de844b9d82357c484de7) Importer(815301076,1909f56bfc062723c751e8b465ee728b)
Start importing Assets/Resources/Sprites/Loja Icons/Background/Icon11.png using Guid(f616deecdce4de844b9d82357c484de7) Importer(815301076,1909f56bfc062723c751e8b465ee728b)  -> (artifact id: '10cb38935030c3378e329eb92f4410ba') in 0.011503 seconds 
========================================================================
Received Import Request.
  Time since last request: 0.000170 seconds.
  path: Assets/Resources/Sprites/Loja Icons/Background/Icon4.png
  artifactKey: Guid(015cd67ac8f5a634a8d2d7fa4654b7a8) Importer(815301076,1909f56bfc062723c751e8b465ee728b)
Start importing Assets/Resources/Sprites/Loja Icons/Background/Icon4.png using Guid(015cd67ac8f5a634a8d2d7fa4654b7a8) Importer(815301076,1909f56bfc062723c751e8b465ee728b)  -> (artifact id: '810682ce4cd2353871aeab69093b649e') in 0.025168 seconds 
========================================================================
Received Import Request.
  Time since last request: 0.000189 seconds.
  path: Assets/Resources/Sprites/Loja Icons/Background/Icon27.png
  artifactKey: Guid(6eb0d844ac9f65f48b052c1e4331c768) Importer(815301076,1909f56bfc062723c751e8b465ee728b)
Start importing Assets/Resources/Sprites/Loja Icons/Background/Icon27.png using Guid(6eb0d844ac9f65f48b052c1e4331c768) Importer(815301076,1909f56bfc062723c751e8b465ee728b)  -> (artifact id: 'f898698b535f471bde2df5658aac683a') in 0.031838 seconds 
========================================================================
Received Import Request.
  Time since last request: 0.000181 seconds.
  path: Assets/Resources/Sprites/Loja Icons/Background/Icon32.png
  artifactKey: Guid(c9a2c7e6978becf4f9ecbcc378e332f8) Importer(815301076,1909f56bfc062723c751e8b465ee728b)
Start importing Assets/Resources/Sprites/Loja Icons/Background/Icon32.png using Guid(c9a2c7e6978becf4f9ecbcc378e332f8) Importer(815301076,1909f56bfc062723c751e8b465ee728b)  -> (artifact id: '507190e6a2408360bcee5c9481c6a211') in 0.011180 seconds 
========================================================================
Received Import Request.
  Time since last request: 0.000147 seconds.
  path: Assets/Resources/Sprites/Loja Icons/Background/Icon16.png
  artifactKey: Guid(f353fdddc985bda499686f87f5f618d9) Importer(815301076,1909f56bfc062723c751e8b465ee728b)
Start importing Assets/Resources/Sprites/Loja Icons/Background/Icon16.png using Guid(f353fdddc985bda499686f87f5f618d9) Importer(815301076,1909f56bfc062723c751e8b465ee728b)  -> (artifact id: '04bd5334c7248e40ea3c2436d8f4652e') in 0.038209 seconds 
========================================================================
Received Import Request.
  Time since last request: 36.808085 seconds.
  path: Assets/Resources/Sprites/Loja Icons/Cobra.png
  artifactKey: Guid(e8dc0a40004edff469eeb89360a0db81) Importer(815301076,1909f56bfc062723c751e8b465ee728b)
Start importing Assets/Resources/Sprites/Loja Icons/Cobra.png using Guid(e8dc0a40004edff469eeb89360a0db81) Importer(815301076,1909f56bfc062723c751e8b465ee728b)  -> (artifact id: 'f51798d648173922b52375489fb9d5dd') in 0.026965 seconds 
========================================================================
Received Import Request.
  Time since last request: 1637.131314 seconds.
  path: Assets/Resources/Sprites/Loja Icons/Chapeu.png
  artifactKey: Guid(1b6ef0f39548e7a488763a47e843690f) Importer(815301076,1909f56bfc062723c751e8b465ee728b)
Start importing Assets/Resources/Sprites/Loja Icons/Chapeu.png using Guid(1b6ef0f39548e7a488763a47e843690f) Importer(815301076,1909f56bfc062723c751e8b465ee728b)  -> (artifact id: 'fe41a47b25e3b32c5f98ec6ecdffd4d3') in 0.053319 seconds 
========================================================================
Received Import Request.
  Time since last request: 0.000125 seconds.
  path: Assets/Resources/Sprites/Loja Icons/Heroismo.png
  artifactKey: Guid(afb5b7cd724529a40a1b4e4599f10abb) Importer(815301076,1909f56bfc062723c751e8b465ee728b)
Start importing Assets/Resources/Sprites/Loja Icons/Heroismo.png using Guid(afb5b7cd724529a40a1b4e4599f10abb) Importer(815301076,1909f56bfc062723c751e8b465ee728b)  -> (artifact id: '32ebdb8324734c1870b461faf30449a4') in 0.015969 seconds 
========================================================================
Received Import Request.
  Time since last request: 0.000192 seconds.
  path: Assets/Resources/Sprites/Loja Icons/Madeira.png
  artifactKey: Guid(88122643df3805740a50011af2dd9cb2) Importer(815301076,1909f56bfc062723c751e8b465ee728b)
Start importing Assets/Resources/Sprites/Loja Icons/Madeira.png using Guid(88122643df3805740a50011af2dd9cb2) Importer(815301076,1909f56bfc062723c751e8b465ee728b)  -> (artifact id: 'ec89b0b1d85943938ccf01dd1b242ac5') in 0.036369 seconds 
========================================================================
Received Import Request.
  Time since last request: 0.000180 seconds.
  path: Assets/Resources/Sprites/Loja Icons/Precioso.png
  artifactKey: Guid(9e7ad518245fad948b4b0e17dcb61e50) Importer(815301076,1909f56bfc062723c751e8b465ee728b)
Start importing Assets/Resources/Sprites/Loja Icons/Precioso.png using Guid(9e7ad518245fad948b4b0e17dcb61e50) Importer(815301076,1909f56bfc062723c751e8b465ee728b)  -> (artifact id: '6015bd2c6933f4214a82b8399c2cd65e') in 0.012285 seconds 
========================================================================
Received Import Request.
  Time since last request: 0.000194 seconds.
  path: Assets/Resources/Sprites/Loja Icons/Gelido.png
  artifactKey: Guid(c62d591c13f189b4f90b01a6f5e4fa1d) Importer(815301076,1909f56bfc062723c751e8b465ee728b)
Start importing Assets/Resources/Sprites/Loja Icons/Gelido.png using Guid(c62d591c13f189b4f90b01a6f5e4fa1d) Importer(815301076,1909f56bfc062723c751e8b465ee728b)  -> (artifact id: 'c5e0ac993cfac0912e3179efbd43b538') in 0.046427 seconds 
========================================================================
Received Import Request.
  Time since last request: 0.000180 seconds.
  path: Assets/Resources/Sprites/Loja Icons/Coragem.png
  artifactKey: Guid(850c7ce2c8c56e54185732d0ab6e8587) Importer(815301076,1909f56bfc062723c751e8b465ee728b)
Start importing Assets/Resources/Sprites/Loja Icons/Coragem.png using Guid(850c7ce2c8c56e54185732d0ab6e8587) Importer(815301076,1909f56bfc062723c751e8b465ee728b)  -> (artifact id: '9045306d1e63ef513d007ee8a76c431c') in 0.012017 seconds 
========================================================================
Received Import Request.
  Time since last request: 0.000185 seconds.
  path: Assets/Resources/Sprites/Loja Icons/Santificado.png
  artifactKey: Guid(b5531974cc410f44689e4dc09b43edcb) Importer(815301076,1909f56bfc062723c751e8b465ee728b)
Start importing Assets/Resources/Sprites/Loja Icons/Santificado.png using Guid(b5531974cc410f44689e4dc09b43edcb) Importer(815301076,1909f56bfc062723c751e8b465ee728b)  -> (artifact id: '1533b938b3386919169ea217dec32d8b') in 0.034079 seconds 
========================================================================
Received Import Request.
  Time since last request: 0.000134 seconds.
  path: Assets/Resources/Sprites/Loja Icons/Poder.png
  artifactKey: Guid(852ba383eff92fb41877e9a0c1788f86) Importer(815301076,1909f56bfc062723c751e8b465ee728b)
Start importing Assets/Resources/Sprites/Loja Icons/Poder.png using Guid(852ba383eff92fb41877e9a0c1788f86) Importer(815301076,1909f56bfc062723c751e8b465ee728b)  -> (artifact id: '5fdd603c9f2729aefb74f167c51ddb12') in 0.032216 seconds 
========================================================================
Received Import Request.
  Time since last request: 0.000301 seconds.
  path: Assets/Resources/Sprites/Loja Icons/Venenoso.png
  artifactKey: Guid(d35d37972c84d6c4a9911b5631bc4056) Importer(815301076,1909f56bfc062723c751e8b465ee728b)
Start importing Assets/Resources/Sprites/Loja Icons/Venenoso.png using Guid(d35d37972c84d6c4a9911b5631bc4056) Importer(815301076,1909f56bfc062723c751e8b465ee728b)  -> (artifact id: 'd3d178717b8c97e36b250c1346d1a852') in 0.053014 seconds 
========================================================================
Received Import Request.
  Time since last request: 0.000233 seconds.
  path: Assets/Resources/Sprites/Loja Icons/Escorpiao.png
  artifactKey: Guid(efa3faed4b3cd8347a90a70823b49d9c) Importer(815301076,1909f56bfc062723c751e8b465ee728b)
Start importing Assets/Resources/Sprites/Loja Icons/Escorpiao.png using Guid(efa3faed4b3cd8347a90a70823b49d9c) Importer(815301076,1909f56bfc062723c751e8b465ee728b)  -> (artifact id: '7faf65c51b364261feac630053698213') in 0.041192 seconds 
========================================================================
Received Prepare
Registering precompiled user dll's ...
Registered in 0.003799 seconds.
Begin MonoManager ReloadAssembly
Error: Could not load signature of BuildPostProcessor:AddFrameworks due to: Could not load file or assembly 'UnityEditor.iOS.Extensions.Xcode, Version=1.0.0.0, Culture=neutral, PublicKeyToken=null' or one of its dependencies. assembly:UnityEditor.iOS.Extensions.Xcode, Version=1.0.0.0, Culture=neutral, PublicKeyToken=null type:<unknown type> member:(null) signature:<none>
Unloading broken assembly Library/ScriptAssemblies/Assembly-CSharp-Editor.dll, this assembly can cause crashes in the runtime
Native extension for WindowsStandalone target not found
Native extension for WebGL target not found
Refreshing native plugins compatible for Editor in 0.66 ms, found 3 plugins.
Preloading 0 native plugins for Editor in 0.00 ms.
Mono: successfully reloaded assembly
- Completed reload, in  1.238 seconds
Domain Reload Profiling:
	ReloadAssembly (1243ms)
		BeginReloadAssembly (399ms)
			ExecutionOrderSort (0ms)
			DisableScriptedObjects (44ms)
			BackupInstance (0ms)
			ReleaseScriptingObjects (0ms)
			CreateAndSetChildDomain (207ms)
		EndReloadAssembly (785ms)
			LoadAssemblies (141ms)
			RebuildTransferFunctionScriptingTraits (0ms)
			SetupTypeCache (277ms)
			ReleaseScriptCaches (1ms)
			RebuildScriptCaches (47ms)
			SetupLoadedEditorAssemblies (269ms)
				LogAssemblyErrors (0ms)
				InitializePlatformSupportModulesInManaged (4ms)
				SetLoadedEditorAssemblies (2ms)
				RefreshPlugins (1ms)
				BeforeProcessingInitializeOnLoad (58ms)
				ProcessInitializeOnLoadAttributes (187ms)
				ProcessInitializeOnLoadMethodAttributes (13ms)
				AfterProcessingInitializeOnLoad (3ms)
				EditorAssembliesLoaded (0ms)
			ExecutionOrderSort2 (0ms)
			AwakeInstancesAfterBackupRestoration (4ms)
Platform modules already initialized, skipping
Switching build target platform(19) subTarget(0) extendedPlatform(0) -> platform(13) subTarget(537395200) extendedPlatform(0)
Refreshing native plugins compatible for Editor in 0.60 ms, found 3 plugins.
Preloading 0 native plugins for Editor in 0.00 ms.
Unloading 2213 Unused Serialized files (Serialized files now loaded: 0)
System memory in use before: 100.6 MB.
System memory in use after: 100.7 MB.

Unloading 20 unused Assets to reduce memory usage. Loaded Objects now: 2676.
Total: 23.725600 ms (FindLiveObjects: 0.241200 ms CreateObjectMapping: 0.054300 ms MarkObjects: 23.395300 ms  DeleteObjects: 0.033200 ms)

AssetImportParameters requested are different than current active one (requested -> active):
  custom:framework-win-MediaFoundation: 216162199b28c13a410421893ffa2e32 -> 
  custom:video-decoder-ogg-theora: a1e56fd34408186e4bbccfd4996cb3dc -> 
  custom:container-muxer-webm: aa71ff27fc2769a1b78a27578f13a17b -> 
  custom:container-demuxer-webm: 4f35f7cbe854078d1ac9338744f61a02 -> 
  custom:container-demuxer-ogg: 62fdf1f143b41e24485cea50d1cbac27 -> 
  custom:video-encoder-webm-vp8: eb34c28f22e8b96e1ab97ce403110664 -> 
  custom:video-decoder-webm-vp8: 9c59270c3fd7afecdb556c50c9e8de78 -> 
  custom:graphics/normal-map-encoding: 01000000000000000000000000000000 -> 02000000000000000000000000000000
  custom:audio-decoder-ogg-vorbis: bf7c407c2cedff20999df2af8eb42d56 -> 
  custom:audio-encoder-webm-vorbis: bf7c407c2cedff20999df2af8eb42d56 -> 
========================================================================
Received Prepare
Registering precompiled user dll's ...
Registered in 0.002972 seconds.
Begin MonoManager ReloadAssembly
Error: Could not load signature of BuildPostProcessor:AddFrameworks due to: Could not load file or assembly 'UnityEditor.iOS.Extensions.Xcode, Version=1.0.0.0, Culture=neutral, PublicKeyToken=null' or one of its dependencies. assembly:UnityEditor.iOS.Extensions.Xcode, Version=1.0.0.0, Culture=neutral, PublicKeyToken=null type:<unknown type> member:(null) signature:<none>
Unloading broken assembly Library/ScriptAssemblies/Assembly-CSharp-Editor.dll, this assembly can cause crashes in the runtime
Native extension for WindowsStandalone target not found
Native extension for WebGL target not found
Refreshing native plugins compatible for Editor in 0.59 ms, found 3 plugins.
Preloading 0 native plugins for Editor in 0.00 ms.
Mono: successfully reloaded assembly
- Completed reload, in  0.888 seconds
Domain Reload Profiling:
	ReloadAssembly (889ms)
		BeginReloadAssembly (105ms)
			ExecutionOrderSort (0ms)
			DisableScriptedObjects (5ms)
			BackupInstance (0ms)
			ReleaseScriptingObjects (0ms)
			CreateAndSetChildDomain (34ms)
		EndReloadAssembly (732ms)
			LoadAssemblies (91ms)
			RebuildTransferFunctionScriptingTraits (0ms)
			SetupTypeCache (255ms)
			ReleaseScriptCaches (1ms)
			RebuildScriptCaches (43ms)
			SetupLoadedEditorAssemblies (263ms)
				LogAssemblyErrors (0ms)
				InitializePlatformSupportModulesInManaged (4ms)
				SetLoadedEditorAssemblies (0ms)
				RefreshPlugins (1ms)
				BeforeProcessingInitializeOnLoad (57ms)
				ProcessInitializeOnLoadAttributes (184ms)
				ProcessInitializeOnLoadMethodAttributes (13ms)
				AfterProcessingInitializeOnLoad (3ms)
				EditorAssembliesLoaded (0ms)
			ExecutionOrderSort2 (0ms)
			AwakeInstancesAfterBackupRestoration (4ms)
Platform modules already initialized, skipping
Switching build target platform(19) subTarget(0) extendedPlatform(0) -> platform(13) subTarget(537395200) extendedPlatform(0)
Refreshing native plugins compatible for Editor in 0.58 ms, found 3 plugins.
Preloading 0 native plugins for Editor in 0.00 ms.
Unloading 2213 Unused Serialized files (Serialized files now loaded: 0)
System memory in use before: 100.7 MB.
System memory in use after: 100.8 MB.

Unloading 20 unused Assets to reduce memory usage. Loaded Objects now: 2679.
Total: 4.369400 ms (FindLiveObjects: 0.436600 ms CreateObjectMapping: 0.094700 ms MarkObjects: 3.809300 ms  DeleteObjects: 0.027300 ms)

AssetImportParameters requested are different than current active one (requested -> active):
  custom:framework-win-MediaFoundation: 216162199b28c13a410421893ffa2e32 -> 
  custom:video-decoder-ogg-theora: a1e56fd34408186e4bbccfd4996cb3dc -> 
  custom:container-muxer-webm: aa71ff27fc2769a1b78a27578f13a17b -> 
  custom:container-demuxer-webm: 4f35f7cbe854078d1ac9338744f61a02 -> 
  custom:container-demuxer-ogg: 62fdf1f143b41e24485cea50d1cbac27 -> 
  custom:video-encoder-webm-vp8: eb34c28f22e8b96e1ab97ce403110664 -> 
  custom:video-decoder-webm-vp8: 9c59270c3fd7afecdb556c50c9e8de78 -> 
  custom:graphics/normal-map-encoding: 01000000000000000000000000000000 -> 02000000000000000000000000000000
  custom:audio-decoder-ogg-vorbis: bf7c407c2cedff20999df2af8eb42d56 -> 
  custom:audio-encoder-webm-vorbis: bf7c407c2cedff20999df2af8eb42d56 -> 
========================================================================
Received Import Request.
  Time since last request: 684.181746 seconds.
  path: Assets/Scripts/Loja/ButtonListLoja.cs
  artifactKey: Guid(498e05052b3869a4286785050b4aa563) Importer(815301076,1909f56bfc062723c751e8b465ee728b)
Start importing Assets/Scripts/Loja/ButtonListLoja.cs using Guid(498e05052b3869a4286785050b4aa563) Importer(815301076,1909f56bfc062723c751e8b465ee728b)  -> (artifact id: '5bcc6a0c82af410c8e8a06e2b1e2b207') in 0.028104 seconds 
========================================================================
Received Prepare
Registering precompiled user dll's ...
Registered in 0.003777 seconds.
Begin MonoManager ReloadAssembly
Error: Could not load signature of BuildPostProcessor:AddFrameworks due to: Could not load file or assembly 'UnityEditor.iOS.Extensions.Xcode, Version=1.0.0.0, Culture=neutral, PublicKeyToken=null' or one of its dependencies. assembly:UnityEditor.iOS.Extensions.Xcode, Version=1.0.0.0, Culture=neutral, PublicKeyToken=null type:<unknown type> member:(null) signature:<none>
Unloading broken assembly Library/ScriptAssemblies/Assembly-CSharp-Editor.dll, this assembly can cause crashes in the runtime
Native extension for WindowsStandalone target not found
Native extension for WebGL target not found
Refreshing native plugins compatible for Editor in 0.63 ms, found 3 plugins.
Preloading 0 native plugins for Editor in 0.00 ms.
Mono: successfully reloaded assembly
- Completed reload, in  0.906 seconds
Domain Reload Profiling:
	ReloadAssembly (906ms)
		BeginReloadAssembly (106ms)
			ExecutionOrderSort (0ms)
			DisableScriptedObjects (5ms)
			BackupInstance (0ms)
			ReleaseScriptingObjects (0ms)
			CreateAndSetChildDomain (34ms)
		EndReloadAssembly (747ms)
			LoadAssemblies (96ms)
			RebuildTransferFunctionScriptingTraits (0ms)
			SetupTypeCache (262ms)
			ReleaseScriptCaches (1ms)
			RebuildScriptCaches (44ms)
			SetupLoadedEditorAssemblies (264ms)
				LogAssemblyErrors (0ms)
				InitializePlatformSupportModulesInManaged (4ms)
				SetLoadedEditorAssemblies (1ms)
				RefreshPlugins (1ms)
				BeforeProcessingInitializeOnLoad (57ms)
				ProcessInitializeOnLoadAttributes (186ms)
				ProcessInitializeOnLoadMethodAttributes (12ms)
				AfterProcessingInitializeOnLoad (3ms)
				EditorAssembliesLoaded (0ms)
			ExecutionOrderSort2 (0ms)
			AwakeInstancesAfterBackupRestoration (4ms)
Platform modules already initialized, skipping
Switching build target platform(19) subTarget(0) extendedPlatform(0) -> platform(13) subTarget(537395200) extendedPlatform(0)
Refreshing native plugins compatible for Editor in 0.69 ms, found 3 plugins.
Preloading 0 native plugins for Editor in 0.00 ms.
Unloading 2213 Unused Serialized files (Serialized files now loaded: 0)
System memory in use before: 100.7 MB.
System memory in use after: 100.8 MB.

Unloading 20 unused Assets to reduce memory usage. Loaded Objects now: 2682.
Total: 3.011500 ms (FindLiveObjects: 0.188100 ms CreateObjectMapping: 0.050800 ms MarkObjects: 2.747100 ms  DeleteObjects: 0.024600 ms)

AssetImportParameters requested are different than current active one (requested -> active):
  custom:framework-win-MediaFoundation: 216162199b28c13a410421893ffa2e32 -> 
  custom:video-decoder-ogg-theora: a1e56fd34408186e4bbccfd4996cb3dc -> 
  custom:container-muxer-webm: aa71ff27fc2769a1b78a27578f13a17b -> 
  custom:container-demuxer-webm: 4f35f7cbe854078d1ac9338744f61a02 -> 
  custom:container-demuxer-ogg: 62fdf1f143b41e24485cea50d1cbac27 -> 
  custom:video-encoder-webm-vp8: eb34c28f22e8b96e1ab97ce403110664 -> 
  custom:video-decoder-webm-vp8: 9c59270c3fd7afecdb556c50c9e8de78 -> 
  custom:graphics/normal-map-encoding: 01000000000000000000000000000000 -> 02000000000000000000000000000000
  custom:audio-decoder-ogg-vorbis: bf7c407c2cedff20999df2af8eb42d56 -> 
  custom:audio-encoder-webm-vorbis: bf7c407c2cedff20999df2af8eb42d56 -> 
========================================================================
Received Import Request.
  Time since last request: 26.064675 seconds.
  path: Assets/Scripts/Loja/ButtonListLoja.cs
  artifactKey: Guid(498e05052b3869a4286785050b4aa563) Importer(815301076,1909f56bfc062723c751e8b465ee728b)
Start importing Assets/Scripts/Loja/ButtonListLoja.cs using Guid(498e05052b3869a4286785050b4aa563) Importer(815301076,1909f56bfc062723c751e8b465ee728b)  -> (artifact id: 'f6e0e4bfe5e127d41128cbe531a38a95') in 0.005480 seconds 
========================================================================
Received Prepare
Registering precompiled user dll's ...
Registered in 0.002584 seconds.
Begin MonoManager ReloadAssembly
Error: Could not load signature of BuildPostProcessor:AddFrameworks due to: Could not load file or assembly 'UnityEditor.iOS.Extensions.Xcode, Version=1.0.0.0, Culture=neutral, PublicKeyToken=null' or one of its dependencies. assembly:UnityEditor.iOS.Extensions.Xcode, Version=1.0.0.0, Culture=neutral, PublicKeyToken=null type:<unknown type> member:(null) signature:<none>
Unloading broken assembly Library/ScriptAssemblies/Assembly-CSharp-Editor.dll, this assembly can cause crashes in the runtime
Native extension for WindowsStandalone target not found
Native extension for WebGL target not found
Refreshing native plugins compatible for Editor in 0.63 ms, found 3 plugins.
Preloading 0 native plugins for Editor in 0.00 ms.
Mono: successfully reloaded assembly
- Completed reload, in  0.895 seconds
Domain Reload Profiling:
	ReloadAssembly (895ms)
		BeginReloadAssembly (108ms)
			ExecutionOrderSort (0ms)
			DisableScriptedObjects (6ms)
			BackupInstance (0ms)
			ReleaseScriptingObjects (0ms)
			CreateAndSetChildDomain (33ms)
		EndReloadAssembly (737ms)
			LoadAssemblies (93ms)
			RebuildTransferFunctionScriptingTraits (0ms)
			SetupTypeCache (252ms)
			ReleaseScriptCaches (1ms)
			RebuildScriptCaches (44ms)
			SetupLoadedEditorAssemblies (267ms)
				LogAssemblyErrors (0ms)
				InitializePlatformSupportModulesInManaged (4ms)
				SetLoadedEditorAssemblies (0ms)
				RefreshPlugins (1ms)
				BeforeProcessingInitializeOnLoad (57ms)
				ProcessInitializeOnLoadAttributes (188ms)
				ProcessInitializeOnLoadMethodAttributes (14ms)
				AfterProcessingInitializeOnLoad (3ms)
				EditorAssembliesLoaded (0ms)
			ExecutionOrderSort2 (0ms)
			AwakeInstancesAfterBackupRestoration (4ms)
Platform modules already initialized, skipping
Switching build target platform(19) subTarget(0) extendedPlatform(0) -> platform(13) subTarget(537395200) extendedPlatform(0)
Refreshing native plugins compatible for Editor in 0.62 ms, found 3 plugins.
Preloading 0 native plugins for Editor in 0.00 ms.
Unloading 2213 Unused Serialized files (Serialized files now loaded: 0)
System memory in use before: 100.7 MB.
System memory in use after: 100.8 MB.

Unloading 20 unused Assets to reduce memory usage. Loaded Objects now: 2685.
Total: 3.280000 ms (FindLiveObjects: 0.286600 ms CreateObjectMapping: 0.056100 ms MarkObjects: 2.908300 ms  DeleteObjects: 0.028000 ms)

AssetImportParameters requested are different than current active one (requested -> active):
  custom:framework-win-MediaFoundation: 216162199b28c13a410421893ffa2e32 -> 
  custom:video-decoder-ogg-theora: a1e56fd34408186e4bbccfd4996cb3dc -> 
  custom:container-muxer-webm: aa71ff27fc2769a1b78a27578f13a17b -> 
  custom:container-demuxer-webm: 4f35f7cbe854078d1ac9338744f61a02 -> 
  custom:container-demuxer-ogg: 62fdf1f143b41e24485cea50d1cbac27 -> 
  custom:video-encoder-webm-vp8: eb34c28f22e8b96e1ab97ce403110664 -> 
  custom:video-decoder-webm-vp8: 9c59270c3fd7afecdb556c50c9e8de78 -> 
  custom:graphics/normal-map-encoding: 01000000000000000000000000000000 -> 02000000000000000000000000000000
  custom:audio-decoder-ogg-vorbis: bf7c407c2cedff20999df2af8eb42d56 -> 
  custom:audio-encoder-webm-vorbis: bf7c407c2cedff20999df2af8eb42d56 -> 
========================================================================
Received Prepare
Registering precompiled user dll's ...
Registered in 0.002769 seconds.
Begin MonoManager ReloadAssembly
Error: Could not load signature of BuildPostProcessor:AddFrameworks due to: Could not load file or assembly 'UnityEditor.iOS.Extensions.Xcode, Version=1.0.0.0, Culture=neutral, PublicKeyToken=null' or one of its dependencies. assembly:UnityEditor.iOS.Extensions.Xcode, Version=1.0.0.0, Culture=neutral, PublicKeyToken=null type:<unknown type> member:(null) signature:<none>
Unloading broken assembly Library/ScriptAssemblies/Assembly-CSharp-Editor.dll, this assembly can cause crashes in the runtime
Native extension for WindowsStandalone target not found
Native extension for WebGL target not found
Refreshing native plugins compatible for Editor in 0.63 ms, found 3 plugins.
Preloading 0 native plugins for Editor in 0.00 ms.
Mono: successfully reloaded assembly
- Completed reload, in  0.914 seconds
Domain Reload Profiling:
	ReloadAssembly (914ms)
		BeginReloadAssembly (104ms)
			ExecutionOrderSort (0ms)
			DisableScriptedObjects (6ms)
			BackupInstance (0ms)
			ReleaseScriptingObjects (0ms)
			CreateAndSetChildDomain (31ms)
		EndReloadAssembly (757ms)
			LoadAssemblies (93ms)
			RebuildTransferFunctionScriptingTraits (0ms)
			SetupTypeCache (252ms)
			ReleaseScriptCaches (1ms)
			RebuildScriptCaches (45ms)
			SetupLoadedEditorAssemblies (278ms)
				LogAssemblyErrors (0ms)
				InitializePlatformSupportModulesInManaged (5ms)
				SetLoadedEditorAssemblies (0ms)
				RefreshPlugins (1ms)
				BeforeProcessingInitializeOnLoad (66ms)
				ProcessInitializeOnLoadAttributes (191ms)
				ProcessInitializeOnLoadMethodAttributes (12ms)
				AfterProcessingInitializeOnLoad (3ms)
				EditorAssembliesLoaded (0ms)
			ExecutionOrderSort2 (0ms)
			AwakeInstancesAfterBackupRestoration (4ms)
Platform modules already initialized, skipping
Switching build target platform(19) subTarget(0) extendedPlatform(0) -> platform(13) subTarget(537395200) extendedPlatform(0)
Refreshing native plugins compatible for Editor in 0.68 ms, found 3 plugins.
Preloading 0 native plugins for Editor in 0.00 ms.
Unloading 2213 Unused Serialized files (Serialized files now loaded: 0)
System memory in use before: 100.6 MB.
System memory in use after: 100.7 MB.

Unloading 20 unused Assets to reduce memory usage. Loaded Objects now: 2688.
Total: 2.870000 ms (FindLiveObjects: 0.202100 ms CreateObjectMapping: 0.054100 ms MarkObjects: 2.587400 ms  DeleteObjects: 0.025600 ms)

AssetImportParameters requested are different than current active one (requested -> active):
  custom:framework-win-MediaFoundation: 216162199b28c13a410421893ffa2e32 -> 
  custom:video-decoder-ogg-theora: a1e56fd34408186e4bbccfd4996cb3dc -> 
  custom:container-muxer-webm: aa71ff27fc2769a1b78a27578f13a17b -> 
  custom:container-demuxer-webm: 4f35f7cbe854078d1ac9338744f61a02 -> 
  custom:container-demuxer-ogg: 62fdf1f143b41e24485cea50d1cbac27 -> 
  custom:video-encoder-webm-vp8: eb34c28f22e8b96e1ab97ce403110664 -> 
  custom:video-decoder-webm-vp8: 9c59270c3fd7afecdb556c50c9e8de78 -> 
  custom:graphics/normal-map-encoding: 01000000000000000000000000000000 -> 02000000000000000000000000000000
  custom:audio-decoder-ogg-vorbis: bf7c407c2cedff20999df2af8eb42d56 -> 
  custom:audio-encoder-webm-vorbis: bf7c407c2cedff20999df2af8eb42d56 -> 
========================================================================
Received Prepare
Registering precompiled user dll's ...
Registered in 0.002875 seconds.
Begin MonoManager ReloadAssembly
Error: Could not load signature of BuildPostProcessor:AddFrameworks due to: Could not load file or assembly 'UnityEditor.iOS.Extensions.Xcode, Version=1.0.0.0, Culture=neutral, PublicKeyToken=null' or one of its dependencies. assembly:UnityEditor.iOS.Extensions.Xcode, Version=1.0.0.0, Culture=neutral, PublicKeyToken=null type:<unknown type> member:(null) signature:<none>
Unloading broken assembly Library/ScriptAssemblies/Assembly-CSharp-Editor.dll, this assembly can cause crashes in the runtime
Native extension for WindowsStandalone target not found
Native extension for WebGL target not found
Refreshing native plugins compatible for Editor in 0.61 ms, found 3 plugins.
Preloading 0 native plugins for Editor in 0.00 ms.
Mono: successfully reloaded assembly
- Completed reload, in  0.880 seconds
Domain Reload Profiling:
	ReloadAssembly (880ms)
		BeginReloadAssembly (103ms)
			ExecutionOrderSort (0ms)
			DisableScriptedObjects (5ms)
			BackupInstance (0ms)
			ReleaseScriptingObjects (0ms)
			CreateAndSetChildDomain (31ms)
		EndReloadAssembly (725ms)
			LoadAssemblies (91ms)
			RebuildTransferFunctionScriptingTraits (0ms)
			SetupTypeCache (244ms)
			ReleaseScriptCaches (1ms)
			RebuildScriptCaches (43ms)
			SetupLoadedEditorAssemblies (256ms)
				LogAssemblyErrors (0ms)
				InitializePlatformSupportModulesInManaged (4ms)
				SetLoadedEditorAssemblies (0ms)
				RefreshPlugins (1ms)
				BeforeProcessingInitializeOnLoad (55ms)
				ProcessInitializeOnLoadAttributes (181ms)
				ProcessInitializeOnLoadMethodAttributes (13ms)
				AfterProcessingInitializeOnLoad (3ms)
				EditorAssembliesLoaded (0ms)
			ExecutionOrderSort2 (0ms)
			AwakeInstancesAfterBackupRestoration (4ms)
Platform modules already initialized, skipping
Switching build target platform(19) subTarget(0) extendedPlatform(0) -> platform(13) subTarget(537395200) extendedPlatform(0)
Refreshing native plugins compatible for Editor in 0.58 ms, found 3 plugins.
Preloading 0 native plugins for Editor in 0.00 ms.
Unloading 2213 Unused Serialized files (Serialized files now loaded: 0)
System memory in use before: 100.7 MB.
System memory in use after: 100.8 MB.

Unloading 20 unused Assets to reduce memory usage. Loaded Objects now: 2691.
Total: 3.963800 ms (FindLiveObjects: 0.196700 ms CreateObjectMapping: 0.052800 ms MarkObjects: 3.686000 ms  DeleteObjects: 0.027400 ms)

AssetImportParameters requested are different than current active one (requested -> active):
  custom:framework-win-MediaFoundation: 216162199b28c13a410421893ffa2e32 -> 
  custom:video-decoder-ogg-theora: a1e56fd34408186e4bbccfd4996cb3dc -> 
  custom:container-muxer-webm: aa71ff27fc2769a1b78a27578f13a17b -> 
  custom:container-demuxer-webm: 4f35f7cbe854078d1ac9338744f61a02 -> 
  custom:container-demuxer-ogg: 62fdf1f143b41e24485cea50d1cbac27 -> 
  custom:video-encoder-webm-vp8: eb34c28f22e8b96e1ab97ce403110664 -> 
  custom:video-decoder-webm-vp8: 9c59270c3fd7afecdb556c50c9e8de78 -> 
  custom:graphics/normal-map-encoding: 01000000000000000000000000000000 -> 02000000000000000000000000000000
  custom:audio-decoder-ogg-vorbis: bf7c407c2cedff20999df2af8eb42d56 -> 
  custom:audio-encoder-webm-vorbis: bf7c407c2cedff20999df2af8eb42d56 -> 
========================================================================
Received Import Request.
  Time since last request: 105.107115 seconds.
  path: Assets/Resources/Sprites/Loja Icons/Heroismo.png
  artifactKey: Guid(afb5b7cd724529a40a1b4e4599f10abb) Importer(815301076,1909f56bfc062723c751e8b465ee728b)
Start importing Assets/Resources/Sprites/Loja Icons/Heroismo.png using Guid(afb5b7cd724529a40a1b4e4599f10abb) Importer(815301076,1909f56bfc062723c751e8b465ee728b)  -> (artifact id: '5a6b253aaca6667f55a53d1dd7d7f8f4') in 0.049596 seconds 
========================================================================
Received Import Request.
  Time since last request: 0.000163 seconds.
  path: Assets/Resources/Sprites/Loja Icons/Madeira.png
  artifactKey: Guid(88122643df3805740a50011af2dd9cb2) Importer(815301076,1909f56bfc062723c751e8b465ee728b)
Start importing Assets/Resources/Sprites/Loja Icons/Madeira.png using Guid(88122643df3805740a50011af2dd9cb2) Importer(815301076,1909f56bfc062723c751e8b465ee728b)  -> (artifact id: 'a4038e0c0c82581a748e376ea86f44d1') in 0.009246 seconds 
========================================================================
Received Import Request.
  Time since last request: 0.000218 seconds.
  path: Assets/Resources/Sprites/Loja Icons/Precioso.png
  artifactKey: Guid(9e7ad518245fad948b4b0e17dcb61e50) Importer(815301076,1909f56bfc062723c751e8b465ee728b)
Start importing Assets/Resources/Sprites/Loja Icons/Precioso.png using Guid(9e7ad518245fad948b4b0e17dcb61e50) Importer(815301076,1909f56bfc062723c751e8b465ee728b)  -> (artifact id: '112dd41798a39432ab476fcc41a71f98') in 0.009505 seconds 
========================================================================
Received Import Request.
  Time since last request: 0.000176 seconds.
  path: Assets/Resources/Sprites/Loja Icons/Gelido.png
  artifactKey: Guid(c62d591c13f189b4f90b01a6f5e4fa1d) Importer(815301076,1909f56bfc062723c751e8b465ee728b)
Start importing Assets/Resources/Sprites/Loja Icons/Gelido.png using Guid(c62d591c13f189b4f90b01a6f5e4fa1d) Importer(815301076,1909f56bfc062723c751e8b465ee728b)  -> (artifact id: '823701b6e0a01b49113e4179046b9f03') in 0.010005 seconds 
========================================================================
Received Import Request.
  Time since last request: 0.000170 seconds.
  path: Assets/Resources/Sprites/Loja Icons/Chapeu.png
  artifactKey: Guid(1b6ef0f39548e7a488763a47e843690f) Importer(815301076,1909f56bfc062723c751e8b465ee728b)
Start importing Assets/Resources/Sprites/Loja Icons/Chapeu.png using Guid(1b6ef0f39548e7a488763a47e843690f) Importer(815301076,1909f56bfc062723c751e8b465ee728b)  -> (artifact id: 'a276af7de69078d1240d68731daf67cc') in 0.012194 seconds 
========================================================================
Received Import Request.
  Time since last request: 0.000150 seconds.
  path: Assets/Resources/Sprites/Loja Icons/Coragem.png
  artifactKey: Guid(850c7ce2c8c56e54185732d0ab6e8587) Importer(815301076,1909f56bfc062723c751e8b465ee728b)
Start importing Assets/Resources/Sprites/Loja Icons/Coragem.png using Guid(850c7ce2c8c56e54185732d0ab6e8587) Importer(815301076,1909f56bfc062723c751e8b465ee728b)  -> (artifact id: 'a18f3f97139f6ffb5f70a266dd9bd216') in 0.009425 seconds 
========================================================================
Received Import Request.
  Time since last request: 0.000198 seconds.
  path: Assets/Resources/Sprites/Loja Icons/Santificado.png
  artifactKey: Guid(b5531974cc410f44689e4dc09b43edcb) Importer(815301076,1909f56bfc062723c751e8b465ee728b)
Start importing Assets/Resources/Sprites/Loja Icons/Santificado.png using Guid(b5531974cc410f44689e4dc09b43edcb) Importer(815301076,1909f56bfc062723c751e8b465ee728b)  -> (artifact id: '39668fcf6969a12f13198c6b3d8c4f89') in 0.016814 seconds 
========================================================================
Received Import Request.
  Time since last request: 0.000189 seconds.
  path: Assets/Resources/Sprites/Loja Icons/Poder.png
  artifactKey: Guid(852ba383eff92fb41877e9a0c1788f86) Importer(815301076,1909f56bfc062723c751e8b465ee728b)
Start importing Assets/Resources/Sprites/Loja Icons/Poder.png using Guid(852ba383eff92fb41877e9a0c1788f86) Importer(815301076,1909f56bfc062723c751e8b465ee728b)  -> (artifact id: '2126c785602ca091e1bdb0091e7471c3') in 0.008118 seconds 
========================================================================
Received Import Request.
  Time since last request: 0.000240 seconds.
  path: Assets/Resources/Sprites/Loja Icons/Venenoso.png
  artifactKey: Guid(d35d37972c84d6c4a9911b5631bc4056) Importer(815301076,1909f56bfc062723c751e8b465ee728b)
Start importing Assets/Resources/Sprites/Loja Icons/Venenoso.png using Guid(d35d37972c84d6c4a9911b5631bc4056) Importer(815301076,1909f56bfc062723c751e8b465ee728b)  -> (artifact id: '4fc433ee0cc369ebd530d508d9151cea') in 0.009092 seconds 
========================================================================
Received Import Request.
  Time since last request: 0.000188 seconds.
  path: Assets/Resources/Sprites/Loja Icons/Escorpiao.png
  artifactKey: Guid(efa3faed4b3cd8347a90a70823b49d9c) Importer(815301076,1909f56bfc062723c751e8b465ee728b)
Start importing Assets/Resources/Sprites/Loja Icons/Escorpiao.png using Guid(efa3faed4b3cd8347a90a70823b49d9c) Importer(815301076,1909f56bfc062723c751e8b465ee728b)  -> (artifact id: '9f22ce5538000f01f65ecb20a98e0ab0') in 0.009530 seconds 
========================================================================
Received Import Request.
  Time since last request: 26.794299 seconds.
  path: Assets/Resources/Sprites/Loja Icons/Gelido.png
  artifactKey: Guid(c62d591c13f189b4f90b01a6f5e4fa1d) Importer(815301076,1909f56bfc062723c751e8b465ee728b)
Start importing Assets/Resources/Sprites/Loja Icons/Gelido.png using Guid(c62d591c13f189b4f90b01a6f5e4fa1d) Importer(815301076,1909f56bfc062723c751e8b465ee728b)  -> (artifact id: '657536b6581044610f7dec885fe3ffd2') in 0.007384 seconds 
========================================================================
Received Import Request.
  Time since last request: 0.002710 seconds.
  path: Assets/Resources/Sprites/Loja Icons/Chapeu.png
  artifactKey: Guid(1b6ef0f39548e7a488763a47e843690f) Importer(815301076,1909f56bfc062723c751e8b465ee728b)
Start importing Assets/Resources/Sprites/Loja Icons/Chapeu.png using Guid(1b6ef0f39548e7a488763a47e843690f) Importer(815301076,1909f56bfc062723c751e8b465ee728b)  -> (artifact id: 'cee481459c78971f2cb3eb02df57de40') in 0.007969 seconds 
========================================================================
Received Import Request.
  Time since last request: 0.000160 seconds.
  path: Assets/Resources/Sprites/Loja Icons/Heroismo.png
  artifactKey: Guid(afb5b7cd724529a40a1b4e4599f10abb) Importer(815301076,1909f56bfc062723c751e8b465ee728b)
Start importing Assets/Resources/Sprites/Loja Icons/Heroismo.png using Guid(afb5b7cd724529a40a1b4e4599f10abb) Importer(815301076,1909f56bfc062723c751e8b465ee728b)  -> (artifact id: 'eba16d856acd6f17a1077eb845efa638') in 0.008613 seconds 
========================================================================
Received Import Request.
  Time since last request: 0.000283 seconds.
  path: Assets/Resources/Sprites/Loja Icons/Madeira.png
  artifactKey: Guid(88122643df3805740a50011af2dd9cb2) Importer(815301076,1909f56bfc062723c751e8b465ee728b)
Start importing Assets/Resources/Sprites/Loja Icons/Madeira.png using Guid(88122643df3805740a50011af2dd9cb2) Importer(815301076,1909f56bfc062723c751e8b465ee728b)  -> (artifact id: 'b4871c316ce3e852bea58b206c73d867') in 0.008344 seconds 
========================================================================
Received Import Request.
  Time since last request: 0.000120 seconds.
  path: Assets/Resources/Sprites/Loja Icons/Precioso.png
  artifactKey: Guid(9e7ad518245fad948b4b0e17dcb61e50) Importer(815301076,1909f56bfc062723c751e8b465ee728b)
Start importing Assets/Resources/Sprites/Loja Icons/Precioso.png using Guid(9e7ad518245fad948b4b0e17dcb61e50) Importer(815301076,1909f56bfc062723c751e8b465ee728b)  -> (artifact id: 'a3e55c6824565ed8076087c468b8fc5f') in 0.006300 seconds 
========================================================================
Received Import Request.
  Time since last request: 0.000155 seconds.
  path: Assets/Resources/Sprites/Loja Icons/Coragem.png
  artifactKey: Guid(850c7ce2c8c56e54185732d0ab6e8587) Importer(815301076,1909f56bfc062723c751e8b465ee728b)
Start importing Assets/Resources/Sprites/Loja Icons/Coragem.png using Guid(850c7ce2c8c56e54185732d0ab6e8587) Importer(815301076,1909f56bfc062723c751e8b465ee728b)  -> (artifact id: '4960e46b402856c768d47cc24f68d624') in 0.005370 seconds 
========================================================================
Received Import Request.
  Time since last request: 0.000127 seconds.
  path: Assets/Resources/Sprites/Loja Icons/Santificado.png
  artifactKey: Guid(b5531974cc410f44689e4dc09b43edcb) Importer(815301076,1909f56bfc062723c751e8b465ee728b)
Start importing Assets/Resources/Sprites/Loja Icons/Santificado.png using Guid(b5531974cc410f44689e4dc09b43edcb) Importer(815301076,1909f56bfc062723c751e8b465ee728b)  -> (artifact id: 'f87a5d582e54fd8a3d3d976078243da8') in 0.012122 seconds 
========================================================================
Received Import Request.
  Time since last request: 0.000140 seconds.
  path: Assets/Resources/Sprites/Loja Icons/Poder.png
  artifactKey: Guid(852ba383eff92fb41877e9a0c1788f86) Importer(815301076,1909f56bfc062723c751e8b465ee728b)
Start importing Assets/Resources/Sprites/Loja Icons/Poder.png using Guid(852ba383eff92fb41877e9a0c1788f86) Importer(815301076,1909f56bfc062723c751e8b465ee728b)  -> (artifact id: '87821da8c9d65be02446c914790aa3ab') in 0.006477 seconds 
========================================================================
Received Import Request.
  Time since last request: 0.000154 seconds.
  path: Assets/Resources/Sprites/Loja Icons/Venenoso.png
  artifactKey: Guid(d35d37972c84d6c4a9911b5631bc4056) Importer(815301076,1909f56bfc062723c751e8b465ee728b)
Start importing Assets/Resources/Sprites/Loja Icons/Venenoso.png using Guid(d35d37972c84d6c4a9911b5631bc4056) Importer(815301076,1909f56bfc062723c751e8b465ee728b)  -> (artifact id: '73c734101f34420d1987182688b26ded') in 0.009486 seconds 
========================================================================
Received Import Request.
  Time since last request: 0.000284 seconds.
  path: Assets/Resources/Sprites/Loja Icons/Escorpiao.png
  artifactKey: Guid(efa3faed4b3cd8347a90a70823b49d9c) Importer(815301076,1909f56bfc062723c751e8b465ee728b)
Start importing Assets/Resources/Sprites/Loja Icons/Escorpiao.png using Guid(efa3faed4b3cd8347a90a70823b49d9c) Importer(815301076,1909f56bfc062723c751e8b465ee728b)  -> (artifact id: '9b588176ee2a023814754fd0d426b369') in 0.011922 seconds 
========================================================================
Received Prepare
Registering precompiled user dll's ...
Registered in 0.002686 seconds.
Begin MonoManager ReloadAssembly
Error: Could not load signature of BuildPostProcessor:AddFrameworks due to: Could not load file or assembly 'UnityEditor.iOS.Extensions.Xcode, Version=1.0.0.0, Culture=neutral, PublicKeyToken=null' or one of its dependencies. assembly:UnityEditor.iOS.Extensions.Xcode, Version=1.0.0.0, Culture=neutral, PublicKeyToken=null type:<unknown type> member:(null) signature:<none>
Unloading broken assembly Library/ScriptAssemblies/Assembly-CSharp-Editor.dll, this assembly can cause crashes in the runtime
Native extension for WindowsStandalone target not found
Native extension for WebGL target not found
Refreshing native plugins compatible for Editor in 0.74 ms, found 3 plugins.
Preloading 0 native plugins for Editor in 0.00 ms.
Mono: successfully reloaded assembly
- Completed reload, in  0.885 seconds
Domain Reload Profiling:
	ReloadAssembly (886ms)
		BeginReloadAssembly (102ms)
			ExecutionOrderSort (0ms)
			DisableScriptedObjects (5ms)
			BackupInstance (0ms)
			ReleaseScriptingObjects (0ms)
			CreateAndSetChildDomain (31ms)
		EndReloadAssembly (734ms)
			LoadAssemblies (91ms)
			RebuildTransferFunctionScriptingTraits (0ms)
			SetupTypeCache (250ms)
			ReleaseScriptCaches (1ms)
			RebuildScriptCaches (44ms)
			SetupLoadedEditorAssemblies (258ms)
				LogAssemblyErrors (0ms)
				InitializePlatformSupportModulesInManaged (4ms)
				SetLoadedEditorAssemblies (0ms)
				RefreshPlugins (1ms)
				BeforeProcessingInitializeOnLoad (57ms)
				ProcessInitializeOnLoadAttributes (179ms)
				ProcessInitializeOnLoadMethodAttributes (13ms)
				AfterProcessingInitializeOnLoad (3ms)
				EditorAssembliesLoaded (0ms)
			ExecutionOrderSort2 (0ms)
			AwakeInstancesAfterBackupRestoration (3ms)
Platform modules already initialized, skipping
Switching build target platform(19) subTarget(0) extendedPlatform(0) -> platform(13) subTarget(537395200) extendedPlatform(0)
Refreshing native plugins compatible for Editor in 0.64 ms, found 3 plugins.
Preloading 0 native plugins for Editor in 0.00 ms.
Unloading 2213 Unused Serialized files (Serialized files now loaded: 0)
System memory in use before: 100.7 MB.
System memory in use after: 100.9 MB.

Unloading 20 unused Assets to reduce memory usage. Loaded Objects now: 2695.
Total: 3.066200 ms (FindLiveObjects: 0.201300 ms CreateObjectMapping: 0.051800 ms MarkObjects: 2.786300 ms  DeleteObjects: 0.026100 ms)

AssetImportParameters requested are different than current active one (requested -> active):
  custom:framework-win-MediaFoundation: 216162199b28c13a410421893ffa2e32 -> 
  custom:video-decoder-ogg-theora: a1e56fd34408186e4bbccfd4996cb3dc -> 
  custom:container-muxer-webm: aa71ff27fc2769a1b78a27578f13a17b -> 
  custom:container-demuxer-webm: 4f35f7cbe854078d1ac9338744f61a02 -> 
  custom:container-demuxer-ogg: 62fdf1f143b41e24485cea50d1cbac27 -> 
  custom:video-encoder-webm-vp8: eb34c28f22e8b96e1ab97ce403110664 -> 
  custom:video-decoder-webm-vp8: 9c59270c3fd7afecdb556c50c9e8de78 -> 
  custom:graphics/normal-map-encoding: 01000000000000000000000000000000 -> 02000000000000000000000000000000
  custom:audio-decoder-ogg-vorbis: bf7c407c2cedff20999df2af8eb42d56 -> 
  custom:audio-encoder-webm-vorbis: bf7c407c2cedff20999df2af8eb42d56 -> 
========================================================================
Received Import Request.
  Time since last request: 53.855616 seconds.
  path: Assets/Scripts/Loja/ButtonListLoja.cs
  artifactKey: Guid(498e05052b3869a4286785050b4aa563) Importer(815301076,1909f56bfc062723c751e8b465ee728b)
Start importing Assets/Scripts/Loja/ButtonListLoja.cs using Guid(498e05052b3869a4286785050b4aa563) Importer(815301076,1909f56bfc062723c751e8b465ee728b)  -> (artifact id: '3962c524091a829fcd61a5f3e49ad593') in 0.008620 seconds 
========================================================================
Received Prepare
Registering precompiled user dll's ...
Registered in 0.002774 seconds.
Begin MonoManager ReloadAssembly
Error: Could not load signature of BuildPostProcessor:AddFrameworks due to: Could not load file or assembly 'UnityEditor.iOS.Extensions.Xcode, Version=1.0.0.0, Culture=neutral, PublicKeyToken=null' or one of its dependencies. assembly:UnityEditor.iOS.Extensions.Xcode, Version=1.0.0.0, Culture=neutral, PublicKeyToken=null type:<unknown type> member:(null) signature:<none>
Unloading broken assembly Library/ScriptAssemblies/Assembly-CSharp-Editor.dll, this assembly can cause crashes in the runtime
Native extension for WindowsStandalone target not found
Native extension for WebGL target not found
Refreshing native plugins compatible for Editor in 0.85 ms, found 3 plugins.
Preloading 0 native plugins for Editor in 0.00 ms.
Mono: successfully reloaded assembly
- Completed reload, in  0.938 seconds
Domain Reload Profiling:
	ReloadAssembly (939ms)
		BeginReloadAssembly (105ms)
			ExecutionOrderSort (0ms)
			DisableScriptedObjects (5ms)
			BackupInstance (0ms)
			ReleaseScriptingObjects (0ms)
			CreateAndSetChildDomain (31ms)
		EndReloadAssembly (782ms)
			LoadAssemblies (91ms)
			RebuildTransferFunctionScriptingTraits (0ms)
			SetupTypeCache (265ms)
			ReleaseScriptCaches (2ms)
			RebuildScriptCaches (45ms)
			SetupLoadedEditorAssemblies (278ms)
				LogAssemblyErrors (0ms)
				InitializePlatformSupportModulesInManaged (4ms)
				SetLoadedEditorAssemblies (1ms)
				RefreshPlugins (1ms)
				BeforeProcessingInitializeOnLoad (58ms)
				ProcessInitializeOnLoadAttributes (197ms)
				ProcessInitializeOnLoadMethodAttributes (14ms)
				AfterProcessingInitializeOnLoad (3ms)
				EditorAssembliesLoaded (0ms)
			ExecutionOrderSort2 (0ms)
			AwakeInstancesAfterBackupRestoration (4ms)
Platform modules already initialized, skipping
Switching build target platform(19) subTarget(0) extendedPlatform(0) -> platform(13) subTarget(537395200) extendedPlatform(0)
Refreshing native plugins compatible for Editor in 0.61 ms, found 3 plugins.
Preloading 0 native plugins for Editor in 0.00 ms.
Unloading 2213 Unused Serialized files (Serialized files now loaded: 0)
System memory in use before: 100.7 MB.
System memory in use after: 100.9 MB.

Unloading 20 unused Assets to reduce memory usage. Loaded Objects now: 2698.
Total: 4.432800 ms (FindLiveObjects: 0.240800 ms CreateObjectMapping: 0.055500 ms MarkObjects: 4.107200 ms  DeleteObjects: 0.028200 ms)

AssetImportParameters requested are different than current active one (requested -> active):
  custom:framework-win-MediaFoundation: 216162199b28c13a410421893ffa2e32 -> 
  custom:video-decoder-ogg-theora: a1e56fd34408186e4bbccfd4996cb3dc -> 
  custom:container-muxer-webm: aa71ff27fc2769a1b78a27578f13a17b -> 
  custom:container-demuxer-webm: 4f35f7cbe854078d1ac9338744f61a02 -> 
  custom:container-demuxer-ogg: 62fdf1f143b41e24485cea50d1cbac27 -> 
  custom:video-encoder-webm-vp8: eb34c28f22e8b96e1ab97ce403110664 -> 
  custom:video-decoder-webm-vp8: 9c59270c3fd7afecdb556c50c9e8de78 -> 
  custom:graphics/normal-map-encoding: 01000000000000000000000000000000 -> 02000000000000000000000000000000
  custom:audio-decoder-ogg-vorbis: bf7c407c2cedff20999df2af8eb42d56 -> 
  custom:audio-encoder-webm-vorbis: bf7c407c2cedff20999df2af8eb42d56 -> 
========================================================================
Received Import Request.
  Time since last request: 18.388248 seconds.
  path: Assets/Scripts/Loja/ButtonListLoja.cs
  artifactKey: Guid(498e05052b3869a4286785050b4aa563) Importer(815301076,1909f56bfc062723c751e8b465ee728b)
Start importing Assets/Scripts/Loja/ButtonListLoja.cs using Guid(498e05052b3869a4286785050b4aa563) Importer(815301076,1909f56bfc062723c751e8b465ee728b)  -> (artifact id: '52a58c6bec376f9ec745c5bdb1b6e7c6') in 0.005096 seconds 
========================================================================
Received Prepare
Registering precompiled user dll's ...
Registered in 0.002497 seconds.
Begin MonoManager ReloadAssembly
Error: Could not load signature of BuildPostProcessor:AddFrameworks due to: Could not load file or assembly 'UnityEditor.iOS.Extensions.Xcode, Version=1.0.0.0, Culture=neutral, PublicKeyToken=null' or one of its dependencies. assembly:UnityEditor.iOS.Extensions.Xcode, Version=1.0.0.0, Culture=neutral, PublicKeyToken=null type:<unknown type> member:(null) signature:<none>
Unloading broken assembly Library/ScriptAssemblies/Assembly-CSharp-Editor.dll, this assembly can cause crashes in the runtime
Native extension for WindowsStandalone target not found
Native extension for WebGL target not found
Refreshing native plugins compatible for Editor in 0.64 ms, found 3 plugins.
Preloading 0 native plugins for Editor in 0.00 ms.
Mono: successfully reloaded assembly
- Completed reload, in  0.901 seconds
Domain Reload Profiling:
	ReloadAssembly (901ms)
		BeginReloadAssembly (102ms)
			ExecutionOrderSort (0ms)
			DisableScriptedObjects (5ms)
			BackupInstance (0ms)
			ReleaseScriptingObjects (0ms)
			CreateAndSetChildDomain (30ms)
		EndReloadAssembly (748ms)
			LoadAssemblies (94ms)
			RebuildTransferFunctionScriptingTraits (0ms)
			SetupTypeCache (256ms)
			ReleaseScriptCaches (1ms)
			RebuildScriptCaches (44ms)
			SetupLoadedEditorAssemblies (255ms)
				LogAssemblyErrors (0ms)
				InitializePlatformSupportModulesInManaged (5ms)
				SetLoadedEditorAssemblies (0ms)
				RefreshPlugins (1ms)
				BeforeProcessingInitializeOnLoad (55ms)
				ProcessInitializeOnLoadAttributes (178ms)
				ProcessInitializeOnLoadMethodAttributes (13ms)
				AfterProcessingInitializeOnLoad (3ms)
				EditorAssembliesLoaded (0ms)
			ExecutionOrderSort2 (0ms)
			AwakeInstancesAfterBackupRestoration (4ms)
Platform modules already initialized, skipping
Switching build target platform(19) subTarget(0) extendedPlatform(0) -> platform(13) subTarget(537395200) extendedPlatform(0)
Refreshing native plugins compatible for Editor in 0.76 ms, found 3 plugins.
Preloading 0 native plugins for Editor in 0.00 ms.
Unloading 2213 Unused Serialized files (Serialized files now loaded: 0)
System memory in use before: 100.8 MB.
System memory in use after: 100.9 MB.

Unloading 20 unused Assets to reduce memory usage. Loaded Objects now: 2701.
Total: 2.795200 ms (FindLiveObjects: 0.215000 ms CreateObjectMapping: 0.052500 ms MarkObjects: 2.506500 ms  DeleteObjects: 0.020400 ms)

AssetImportParameters requested are different than current active one (requested -> active):
  custom:framework-win-MediaFoundation: 216162199b28c13a410421893ffa2e32 -> 
  custom:video-decoder-ogg-theora: a1e56fd34408186e4bbccfd4996cb3dc -> 
  custom:container-muxer-webm: aa71ff27fc2769a1b78a27578f13a17b -> 
  custom:container-demuxer-webm: 4f35f7cbe854078d1ac9338744f61a02 -> 
  custom:container-demuxer-ogg: 62fdf1f143b41e24485cea50d1cbac27 -> 
  custom:video-encoder-webm-vp8: eb34c28f22e8b96e1ab97ce403110664 -> 
  custom:video-decoder-webm-vp8: 9c59270c3fd7afecdb556c50c9e8de78 -> 
  custom:graphics/normal-map-encoding: 01000000000000000000000000000000 -> 02000000000000000000000000000000
  custom:audio-decoder-ogg-vorbis: bf7c407c2cedff20999df2af8eb42d56 -> 
  custom:audio-encoder-webm-vorbis: bf7c407c2cedff20999df2af8eb42d56 -> 
========================================================================
Received Import Request.
  Time since last request: 77.755501 seconds.
  path: Assets/Resources/Sprites/Loja Icons/Chapeu.png
  artifactKey: Guid(1b6ef0f39548e7a488763a47e843690f) Importer(815301076,1909f56bfc062723c751e8b465ee728b)
Start importing Assets/Resources/Sprites/Loja Icons/Chapeu.png using Guid(1b6ef0f39548e7a488763a47e843690f) Importer(815301076,1909f56bfc062723c751e8b465ee728b)  -> (artifact id: 'f6b8584333c310aae5a6c58d23438cd3') in 0.045005 seconds 
========================================================================
Received Import Request.
  Time since last request: 0.000150 seconds.
  path: Assets/Resources/Sprites/Loja Icons/Heroismo.png
  artifactKey: Guid(afb5b7cd724529a40a1b4e4599f10abb) Importer(815301076,1909f56bfc062723c751e8b465ee728b)
Start importing Assets/Resources/Sprites/Loja Icons/Heroismo.png using Guid(afb5b7cd724529a40a1b4e4599f10abb) Importer(815301076,1909f56bfc062723c751e8b465ee728b)  -> (artifact id: '49310f9c4d6cc810e8725c9032fc41b4') in 0.008675 seconds 
========================================================================
Received Import Request.
  Time since last request: 0.000283 seconds.
  path: Assets/Resources/Sprites/Loja Icons/Madeira.png
  artifactKey: Guid(88122643df3805740a50011af2dd9cb2) Importer(815301076,1909f56bfc062723c751e8b465ee728b)
Start importing Assets/Resources/Sprites/Loja Icons/Madeira.png using Guid(88122643df3805740a50011af2dd9cb2) Importer(815301076,1909f56bfc062723c751e8b465ee728b)  -> (artifact id: 'd46042c0dcbb4c5089e3a43b6a2321b1') in 0.013779 seconds 
========================================================================
Received Import Request.
  Time since last request: 0.000173 seconds.
  path: Assets/Resources/Sprites/Loja Icons/Precioso.png
  artifactKey: Guid(9e7ad518245fad948b4b0e17dcb61e50) Importer(815301076,1909f56bfc062723c751e8b465ee728b)
Start importing Assets/Resources/Sprites/Loja Icons/Precioso.png using Guid(9e7ad518245fad948b4b0e17dcb61e50) Importer(815301076,1909f56bfc062723c751e8b465ee728b)  -> (artifact id: 'e3146b0a3316009bd807c0907154e73f') in 0.006293 seconds 
========================================================================
Received Import Request.
  Time since last request: 0.000291 seconds.
  path: Assets/Resources/Sprites/Loja Icons/Gelido.png
  artifactKey: Guid(c62d591c13f189b4f90b01a6f5e4fa1d) Importer(815301076,1909f56bfc062723c751e8b465ee728b)
Start importing Assets/Resources/Sprites/Loja Icons/Gelido.png using Guid(c62d591c13f189b4f90b01a6f5e4fa1d) Importer(815301076,1909f56bfc062723c751e8b465ee728b)  -> (artifact id: '62e8a401e1daab1b2df17459bc9bd2f8') in 0.007806 seconds 
========================================================================
Received Import Request.
  Time since last request: 0.000152 seconds.
  path: Assets/Resources/Sprites/Loja Icons/Coragem.png
  artifactKey: Guid(850c7ce2c8c56e54185732d0ab6e8587) Importer(815301076,1909f56bfc062723c751e8b465ee728b)
Start importing Assets/Resources/Sprites/Loja Icons/Coragem.png using Guid(850c7ce2c8c56e54185732d0ab6e8587) Importer(815301076,1909f56bfc062723c751e8b465ee728b)  -> (artifact id: '50983f4d8b324d8857c15f4628ecd595') in 0.006927 seconds 
========================================================================
Received Import Request.
  Time since last request: 0.000227 seconds.
  path: Assets/Resources/Sprites/Loja Icons/Santificado.png
  artifactKey: Guid(b5531974cc410f44689e4dc09b43edcb) Importer(815301076,1909f56bfc062723c751e8b465ee728b)
Start importing Assets/Resources/Sprites/Loja Icons/Santificado.png using Guid(b5531974cc410f44689e4dc09b43edcb) Importer(815301076,1909f56bfc062723c751e8b465ee728b)  -> (artifact id: 'd38398c0ff4cce04bf76988658b33abe') in 0.006778 seconds 
========================================================================
Received Import Request.
  Time since last request: 0.000295 seconds.
  path: Assets/Resources/Sprites/Loja Icons/Poder.png
  artifactKey: Guid(852ba383eff92fb41877e9a0c1788f86) Importer(815301076,1909f56bfc062723c751e8b465ee728b)
Start importing Assets/Resources/Sprites/Loja Icons/Poder.png using Guid(852ba383eff92fb41877e9a0c1788f86) Importer(815301076,1909f56bfc062723c751e8b465ee728b)  -> (artifact id: '6f62fae46b50b564bf7301c7dc6dec70') in 0.010747 seconds 
========================================================================
Received Import Request.
  Time since last request: 0.000194 seconds.
  path: Assets/Resources/Sprites/Loja Icons/Venenoso.png
  artifactKey: Guid(d35d37972c84d6c4a9911b5631bc4056) Importer(815301076,1909f56bfc062723c751e8b465ee728b)
Start importing Assets/Resources/Sprites/Loja Icons/Venenoso.png using Guid(d35d37972c84d6c4a9911b5631bc4056) Importer(815301076,1909f56bfc062723c751e8b465ee728b)  -> (artifact id: '8f157c2ca831de055f6090a4881d944d') in 0.005815 seconds 
========================================================================
Received Import Request.
  Time since last request: 0.000151 seconds.
  path: Assets/Resources/Sprites/Loja Icons/Escorpiao.png
  artifactKey: Guid(efa3faed4b3cd8347a90a70823b49d9c) Importer(815301076,1909f56bfc062723c751e8b465ee728b)
Start importing Assets/Resources/Sprites/Loja Icons/Escorpiao.png using Guid(efa3faed4b3cd8347a90a70823b49d9c) Importer(815301076,1909f56bfc062723c751e8b465ee728b)  -> (artifact id: '0887f4fe246faf45f564bece5587d8a9') in 0.009801 seconds 
========================================================================
Received Prepare
Registering precompiled user dll's ...
Registered in 0.003210 seconds.
Begin MonoManager ReloadAssembly
Error: Could not load signature of BuildPostProcessor:AddFrameworks due to: Could not load file or assembly 'UnityEditor.iOS.Extensions.Xcode, Version=1.0.0.0, Culture=neutral, PublicKeyToken=null' or one of its dependencies. assembly:UnityEditor.iOS.Extensions.Xcode, Version=1.0.0.0, Culture=neutral, PublicKeyToken=null type:<unknown type> member:(null) signature:<none>
Unloading broken assembly Library/ScriptAssemblies/Assembly-CSharp-Editor.dll, this assembly can cause crashes in the runtime
Native extension for WindowsStandalone target not found
Native extension for WebGL target not found
Refreshing native plugins compatible for Editor in 0.70 ms, found 3 plugins.
Preloading 0 native plugins for Editor in 0.00 ms.
Mono: successfully reloaded assembly
- Completed reload, in  1.071 seconds
Domain Reload Profiling:
	ReloadAssembly (1072ms)
		BeginReloadAssembly (127ms)
			ExecutionOrderSort (0ms)
			DisableScriptedObjects (6ms)
			BackupInstance (0ms)
			ReleaseScriptingObjects (0ms)
			CreateAndSetChildDomain (38ms)
		EndReloadAssembly (881ms)
			LoadAssemblies (112ms)
			RebuildTransferFunctionScriptingTraits (0ms)
			SetupTypeCache (287ms)
			ReleaseScriptCaches (2ms)
			RebuildScriptCaches (58ms)
			SetupLoadedEditorAssemblies (315ms)
				LogAssemblyErrors (0ms)
				InitializePlatformSupportModulesInManaged (5ms)
				SetLoadedEditorAssemblies (1ms)
				RefreshPlugins (1ms)
				BeforeProcessingInitializeOnLoad (68ms)
				ProcessInitializeOnLoadAttributes (220ms)
				ProcessInitializeOnLoadMethodAttributes (17ms)
				AfterProcessingInitializeOnLoad (3ms)
				EditorAssembliesLoaded (0ms)
			ExecutionOrderSort2 (0ms)
			AwakeInstancesAfterBackupRestoration (4ms)
Platform modules already initialized, skipping
Switching build target platform(19) subTarget(0) extendedPlatform(0) -> platform(13) subTarget(537395200) extendedPlatform(0)
Refreshing native plugins compatible for Editor in 0.98 ms, found 3 plugins.
Preloading 0 native plugins for Editor in 0.00 ms.
Unloading 2213 Unused Serialized files (Serialized files now loaded: 0)
System memory in use before: 100.8 MB.
System memory in use after: 100.9 MB.

Unloading 20 unused Assets to reduce memory usage. Loaded Objects now: 2705.
Total: 3.221500 ms (FindLiveObjects: 0.254200 ms CreateObjectMapping: 0.055500 ms MarkObjects: 2.883800 ms  DeleteObjects: 0.027100 ms)

AssetImportParameters requested are different than current active one (requested -> active):
  custom:framework-win-MediaFoundation: 216162199b28c13a410421893ffa2e32 -> 
  custom:video-decoder-ogg-theora: a1e56fd34408186e4bbccfd4996cb3dc -> 
  custom:container-muxer-webm: aa71ff27fc2769a1b78a27578f13a17b -> 
  custom:container-demuxer-webm: 4f35f7cbe854078d1ac9338744f61a02 -> 
  custom:container-demuxer-ogg: 62fdf1f143b41e24485cea50d1cbac27 -> 
  custom:video-encoder-webm-vp8: eb34c28f22e8b96e1ab97ce403110664 -> 
  custom:video-decoder-webm-vp8: 9c59270c3fd7afecdb556c50c9e8de78 -> 
  custom:graphics/normal-map-encoding: 01000000000000000000000000000000 -> 02000000000000000000000000000000
  custom:audio-decoder-ogg-vorbis: bf7c407c2cedff20999df2af8eb42d56 -> 
  custom:audio-encoder-webm-vorbis: bf7c407c2cedff20999df2af8eb42d56 -> 
========================================================================
Received Import Request.
  Time since last request: 18.064442 seconds.
  path: Assets/Resources/Sprites/Loja Icons/Chapeu.png
  artifactKey: Guid(1b6ef0f39548e7a488763a47e843690f) Importer(815301076,1909f56bfc062723c751e8b465ee728b)
Start importing Assets/Resources/Sprites/Loja Icons/Chapeu.png using Guid(1b6ef0f39548e7a488763a47e843690f) Importer(815301076,1909f56bfc062723c751e8b465ee728b)  -> (artifact id: '3232a0b89c048085ccd12c38611f88b7') in 0.043007 seconds 
========================================================================
Received Import Request.
  Time since last request: 0.000137 seconds.
  path: Assets/Resources/Sprites/Loja Icons/Heroismo.png
  artifactKey: Guid(afb5b7cd724529a40a1b4e4599f10abb) Importer(815301076,1909f56bfc062723c751e8b465ee728b)
Start importing Assets/Resources/Sprites/Loja Icons/Heroismo.png using Guid(afb5b7cd724529a40a1b4e4599f10abb) Importer(815301076,1909f56bfc062723c751e8b465ee728b)  -> (artifact id: '624a7975da6df5477eb9790a330a2df6') in 0.009460 seconds 
========================================================================
Received Import Request.
  Time since last request: 0.000218 seconds.
  path: Assets/Resources/Sprites/Loja Icons/Madeira.png
  artifactKey: Guid(88122643df3805740a50011af2dd9cb2) Importer(815301076,1909f56bfc062723c751e8b465ee728b)
Start importing Assets/Resources/Sprites/Loja Icons/Madeira.png using Guid(88122643df3805740a50011af2dd9cb2) Importer(815301076,1909f56bfc062723c751e8b465ee728b)  -> (artifact id: '044429ca7d11f934be9de56b4f209332') in 0.005459 seconds 
========================================================================
Received Import Request.
  Time since last request: 0.000227 seconds.
  path: Assets/Resources/Sprites/Loja Icons/Precioso.png
  artifactKey: Guid(9e7ad518245fad948b4b0e17dcb61e50) Importer(815301076,1909f56bfc062723c751e8b465ee728b)
Start importing Assets/Resources/Sprites/Loja Icons/Precioso.png using Guid(9e7ad518245fad948b4b0e17dcb61e50) Importer(815301076,1909f56bfc062723c751e8b465ee728b)  -> (artifact id: '997ba905be2661a7e067d36f846e9c51') in 0.005771 seconds 
========================================================================
Received Import Request.
  Time since last request: 0.000190 seconds.
  path: Assets/Resources/Sprites/Loja Icons/Gelido.png
  artifactKey: Guid(c62d591c13f189b4f90b01a6f5e4fa1d) Importer(815301076,1909f56bfc062723c751e8b465ee728b)
Start importing Assets/Resources/Sprites/Loja Icons/Gelido.png using Guid(c62d591c13f189b4f90b01a6f5e4fa1d) Importer(815301076,1909f56bfc062723c751e8b465ee728b)  -> (artifact id: '0e0ebfd13b4d65f01f2c8e77c003d915') in 0.005156 seconds 
========================================================================
Received Import Request.
  Time since last request: 0.000304 seconds.
  path: Assets/Resources/Sprites/Loja Icons/Coragem.png
  artifactKey: Guid(850c7ce2c8c56e54185732d0ab6e8587) Importer(815301076,1909f56bfc062723c751e8b465ee728b)
Start importing Assets/Resources/Sprites/Loja Icons/Coragem.png using Guid(850c7ce2c8c56e54185732d0ab6e8587) Importer(815301076,1909f56bfc062723c751e8b465ee728b)  -> (artifact id: 'cd3e2ed3ddd55cc656ffde97fedeffb1') in 0.008382 seconds 
========================================================================
Received Import Request.
  Time since last request: 0.000207 seconds.
  path: Assets/Resources/Sprites/Loja Icons/Santificado.png
  artifactKey: Guid(b5531974cc410f44689e4dc09b43edcb) Importer(815301076,1909f56bfc062723c751e8b465ee728b)
Start importing Assets/Resources/Sprites/Loja Icons/Santificado.png using Guid(b5531974cc410f44689e4dc09b43edcb) Importer(815301076,1909f56bfc062723c751e8b465ee728b)  -> (artifact id: '572dc31f3d9e71a9f9b826118d9abc45') in 0.005536 seconds 
========================================================================
Received Import Request.
  Time since last request: 0.000270 seconds.
  path: Assets/Resources/Sprites/Loja Icons/Poder.png
  artifactKey: Guid(852ba383eff92fb41877e9a0c1788f86) Importer(815301076,1909f56bfc062723c751e8b465ee728b)
Start importing Assets/Resources/Sprites/Loja Icons/Poder.png using Guid(852ba383eff92fb41877e9a0c1788f86) Importer(815301076,1909f56bfc062723c751e8b465ee728b)  -> (artifact id: 'c6d2323626bbfd23b0799fcd4bf3d3e9') in 0.011769 seconds 
========================================================================
Received Import Request.
  Time since last request: 0.000192 seconds.
  path: Assets/Resources/Sprites/Loja Icons/Venenoso.png
  artifactKey: Guid(d35d37972c84d6c4a9911b5631bc4056) Importer(815301076,1909f56bfc062723c751e8b465ee728b)
Start importing Assets/Resources/Sprites/Loja Icons/Venenoso.png using Guid(d35d37972c84d6c4a9911b5631bc4056) Importer(815301076,1909f56bfc062723c751e8b465ee728b)  -> (artifact id: 'd50dabf57fd92811e07c2d7463263774') in 0.006251 seconds 
========================================================================
Received Import Request.
  Time since last request: 0.000262 seconds.
  path: Assets/Resources/Sprites/Loja Icons/Escorpiao.png
  artifactKey: Guid(efa3faed4b3cd8347a90a70823b49d9c) Importer(815301076,1909f56bfc062723c751e8b465ee728b)
Start importing Assets/Resources/Sprites/Loja Icons/Escorpiao.png using Guid(efa3faed4b3cd8347a90a70823b49d9c) Importer(815301076,1909f56bfc062723c751e8b465ee728b)  -> (artifact id: '8622415f9834de00f03dda71d525383c') in 0.006764 seconds 
AssetImportWorkerClient::OnTransportError - code=2 error=End of file
